2024/05/13 14:33:15 [notice] 1#1: using the "epoll" event method
2024/05/13 14:33:15 [notice] 1#1: nginx/1.25.5
2024/05/13 14:33:15 [notice] 1#1: built by gcc 12.2.0 (Debian 12.2.0-14) 
2024/05/13 14:33:15 [notice] 1#1: OS: Linux 5.15.146.1-microsoft-standard-WSL2
2024/05/13 14:33:15 [notice] 1#1: getrlimit(RLIMIT_NOFILE): 1048576:1048576
2024/05/13 14:33:15 [notice] 1#1: start worker processes
2024/05/13 14:33:15 [notice] 1#1: start worker process 20
2024/05/13 14:33:15 [notice] 1#1: start worker process 21
2024/05/13 14:33:15 [notice] 1#1: start worker process 22
2024/05/13 14:33:15 [notice] 1#1: start worker process 23
2024/05/13 14:33:15 [notice] 1#1: start worker process 24
2024/05/13 14:33:15 [notice] 1#1: start worker process 25
2024/05/13 14:33:15 [notice] 1#1: start worker process 26
2024/05/13 14:33:15 [notice] 1#1: start worker process 27
2024/05/13 14:33:15 [notice] 1#1: start worker process 28
2024/05/13 14:33:15 [notice] 1#1: start worker process 29
2024/05/13 14:33:15 [notice] 1#1: start worker process 30
2024/05/13 14:33:15 [notice] 1#1: start worker process 31
2024/05/13 14:35:11 [error] 20#20: *1 open() "/var/www/analityc.dev/favicon.ico" failed (2: No such file or directory), client: 172.18.0.1, server: analityc.dev, request: "GET /favicon.ico HTTP/1.1", host: "127.0.0.1", referrer: "http://127.0.0.1/"
2024/05/13 14:48:35 [notice] 1#1: signal 3 (SIGQUIT) received, shutting down
2024/05/13 14:48:35 [notice] 20#20: gracefully shutting down
2024/05/13 14:48:35 [notice] 30#30: gracefully shutting down
2024/05/13 14:48:35 [notice] 21#21: gracefully shutting down
2024/05/13 14:48:35 [notice] 22#22: gracefully shutting down
2024/05/13 14:48:35 [notice] 23#23: gracefully shutting down
2024/05/13 14:48:35 [notice] 24#24: gracefully shutting down
2024/05/13 14:48:35 [notice] 25#25: gracefully shutting down
2024/05/13 14:48:35 [notice] 26#26: gracefully shutting down
2024/05/13 14:48:35 [notice] 27#27: gracefully shutting down
2024/05/13 14:48:35 [notice] 28#28: gracefully shutting down
2024/05/13 14:48:35 [notice] 29#29: gracefully shutting down
2024/05/13 14:48:35 [notice] 31#31: gracefully shutting down
2024/05/13 14:48:35 [notice] 20#20: exiting
2024/05/13 14:48:35 [notice] 30#30: exiting
2024/05/13 14:48:35 [notice] 21#21: exiting
2024/05/13 14:48:35 [notice] 22#22: exiting
2024/05/13 14:48:35 [notice] 23#23: exiting
2024/05/13 14:48:35 [notice] 24#24: exiting
2024/05/13 14:48:35 [notice] 25#25: exiting
2024/05/13 14:48:35 [notice] 26#26: exiting
2024/05/13 14:48:35 [notice] 27#27: exiting
2024/05/13 14:48:35 [notice] 28#28: exiting
2024/05/13 14:48:35 [notice] 29#29: exiting
2024/05/13 14:48:35 [notice] 31#31: exiting
2024/05/13 14:48:35 [notice] 20#20: exit
2024/05/13 14:48:35 [notice] 30#30: exit
2024/05/13 14:48:35 [notice] 21#21: exit
2024/05/13 14:48:35 [notice] 22#22: exit
2024/05/13 14:48:35 [notice] 23#23: exit
2024/05/13 14:48:35 [notice] 24#24: exit
2024/05/13 14:48:35 [notice] 25#25: exit
2024/05/13 14:48:35 [notice] 26#26: exit
2024/05/13 14:48:35 [notice] 27#27: exit
2024/05/13 14:48:35 [notice] 28#28: exit
2024/05/13 14:48:35 [notice] 29#29: exit
2024/05/13 14:48:35 [notice] 31#31: exit
2024/05/13 14:48:35 [notice] 1#1: signal 17 (SIGCHLD) received from 30
2024/05/13 14:48:35 [notice] 1#1: worker process 20 exited with code 0
2024/05/13 14:48:35 [notice] 1#1: worker process 21 exited with code 0
2024/05/13 14:48:35 [notice] 1#1: worker process 23 exited with code 0
2024/05/13 14:48:35 [notice] 1#1: worker process 24 exited with code 0
2024/05/13 14:48:35 [notice] 1#1: worker process 25 exited with code 0
2024/05/13 14:48:35 [notice] 1#1: worker process 26 exited with code 0
2024/05/13 14:48:35 [notice] 1#1: worker process 27 exited with code 0
2024/05/13 14:48:35 [notice] 1#1: worker process 28 exited with code 0
2024/05/13 14:48:35 [notice] 1#1: worker process 29 exited with code 0
2024/05/13 14:48:35 [notice] 1#1: worker process 30 exited with code 0
2024/05/13 14:48:35 [notice] 1#1: signal 29 (SIGIO) received
2024/05/13 14:48:35 [notice] 1#1: signal 17 (SIGCHLD) received from 20
2024/05/13 14:48:35 [notice] 1#1: signal 17 (SIGCHLD) received from 31
2024/05/13 14:48:35 [notice] 1#1: worker process 22 exited with code 0
2024/05/13 14:48:35 [notice] 1#1: worker process 31 exited with code 0
2024/05/13 14:48:35 [notice] 1#1: exit
2024/05/13 14:50:34 [notice] 1#1: using the "epoll" event method
2024/05/13 14:50:34 [notice] 1#1: nginx/1.25.5
2024/05/13 14:50:34 [notice] 1#1: built by gcc 12.2.0 (Debian 12.2.0-14) 
2024/05/13 14:50:34 [notice] 1#1: OS: Linux 5.15.146.1-microsoft-standard-WSL2
2024/05/13 14:50:34 [notice] 1#1: getrlimit(RLIMIT_NOFILE): 1048576:1048576
2024/05/13 14:50:34 [notice] 1#1: start worker processes
2024/05/13 14:50:34 [notice] 1#1: start worker process 20
2024/05/13 14:50:34 [notice] 1#1: start worker process 21
2024/05/13 14:50:34 [notice] 1#1: start worker process 22
2024/05/13 14:50:34 [notice] 1#1: start worker process 23
2024/05/13 14:50:34 [notice] 1#1: start worker process 24
2024/05/13 14:50:34 [notice] 1#1: start worker process 25
2024/05/13 14:50:34 [notice] 1#1: start worker process 26
2024/05/13 14:50:34 [notice] 1#1: start worker process 27
2024/05/13 14:50:34 [notice] 1#1: start worker process 28
2024/05/13 14:50:34 [notice] 1#1: start worker process 29
2024/05/13 14:50:34 [notice] 1#1: start worker process 30
2024/05/13 14:50:34 [notice] 1#1: start worker process 31
2024/05/13 14:54:00 [notice] 1#1: signal 3 (SIGQUIT) received, shutting down
2024/05/13 14:54:00 [notice] 20#20: gracefully shutting down
2024/05/13 14:54:00 [notice] 31#31: gracefully shutting down
2024/05/13 14:54:00 [notice] 21#21: gracefully shutting down
2024/05/13 14:54:00 [notice] 22#22: gracefully shutting down
2024/05/13 14:54:00 [notice] 23#23: gracefully shutting down
2024/05/13 14:54:00 [notice] 24#24: gracefully shutting down
2024/05/13 14:54:00 [notice] 25#25: gracefully shutting down
2024/05/13 14:54:00 [notice] 26#26: gracefully shutting down
2024/05/13 14:54:00 [notice] 27#27: gracefully shutting down
2024/05/13 14:54:00 [notice] 28#28: gracefully shutting down
2024/05/13 14:54:00 [notice] 29#29: gracefully shutting down
2024/05/13 14:54:00 [notice] 30#30: gracefully shutting down
2024/05/13 14:54:00 [notice] 20#20: exiting
2024/05/13 14:54:00 [notice] 31#31: exiting
2024/05/13 14:54:00 [notice] 21#21: exiting
2024/05/13 14:54:00 [notice] 22#22: exiting
2024/05/13 14:54:00 [notice] 23#23: exiting
2024/05/13 14:54:00 [notice] 24#24: exiting
2024/05/13 14:54:00 [notice] 25#25: exiting
2024/05/13 14:54:00 [notice] 26#26: exiting
2024/05/13 14:54:00 [notice] 27#27: exiting
2024/05/13 14:54:00 [notice] 28#28: exiting
2024/05/13 14:54:00 [notice] 29#29: exiting
2024/05/13 14:54:00 [notice] 30#30: exiting
2024/05/13 14:54:00 [notice] 20#20: exit
2024/05/13 14:54:00 [notice] 31#31: exit
2024/05/13 14:54:00 [notice] 21#21: exit
2024/05/13 14:54:00 [notice] 22#22: exit
2024/05/13 14:54:00 [notice] 23#23: exit
2024/05/13 14:54:00 [notice] 24#24: exit
2024/05/13 14:54:00 [notice] 25#25: exit
2024/05/13 14:54:00 [notice] 26#26: exit
2024/05/13 14:54:00 [notice] 27#27: exit
2024/05/13 14:54:00 [notice] 28#28: exit
2024/05/13 14:54:00 [notice] 29#29: exit
2024/05/13 14:54:00 [notice] 30#30: exit
2024/05/13 14:54:00 [notice] 1#1: signal 17 (SIGCHLD) received from 30
2024/05/13 14:54:00 [notice] 1#1: worker process 23 exited with code 0
2024/05/13 14:54:00 [notice] 1#1: worker process 25 exited with code 0
2024/05/13 14:54:00 [notice] 1#1: worker process 30 exited with code 0
2024/05/13 14:54:00 [notice] 1#1: signal 29 (SIGIO) received
2024/05/13 14:54:00 [notice] 1#1: signal 17 (SIGCHLD) received from 22
2024/05/13 14:54:00 [notice] 1#1: worker process 22 exited with code 0
2024/05/13 14:54:00 [notice] 1#1: worker process 24 exited with code 0
2024/05/13 14:54:00 [notice] 1#1: worker process 26 exited with code 0
2024/05/13 14:54:00 [notice] 1#1: worker process 29 exited with code 0
2024/05/13 14:54:00 [notice] 1#1: signal 29 (SIGIO) received
2024/05/13 14:54:00 [notice] 1#1: signal 17 (SIGCHLD) received from 26
2024/05/13 14:54:00 [notice] 1#1: signal 17 (SIGCHLD) received from 21
2024/05/13 14:54:00 [notice] 1#1: worker process 20 exited with code 0
2024/05/13 14:54:00 [notice] 1#1: worker process 21 exited with code 0
2024/05/13 14:54:00 [notice] 1#1: worker process 27 exited with code 0
2024/05/13 14:54:00 [notice] 1#1: worker process 28 exited with code 0
2024/05/13 14:54:00 [notice] 1#1: signal 29 (SIGIO) received
2024/05/13 14:54:00 [notice] 1#1: signal 17 (SIGCHLD) received from 28
2024/05/13 14:54:00 [notice] 1#1: signal 17 (SIGCHLD) received from 31
2024/05/13 14:54:00 [notice] 1#1: worker process 31 exited with code 0
2024/05/13 14:54:00 [notice] 1#1: exit
2024/05/13 14:54:12 [notice] 1#1: using the "epoll" event method
2024/05/13 14:54:12 [notice] 1#1: nginx/1.25.5
2024/05/13 14:54:12 [notice] 1#1: built by gcc 12.2.0 (Debian 12.2.0-14) 
2024/05/13 14:54:12 [notice] 1#1: OS: Linux 5.15.146.1-microsoft-standard-WSL2
2024/05/13 14:54:12 [notice] 1#1: getrlimit(RLIMIT_NOFILE): 1048576:1048576
2024/05/13 14:54:12 [notice] 1#1: start worker processes
2024/05/13 14:54:12 [notice] 1#1: start worker process 20
2024/05/13 14:54:12 [notice] 1#1: start worker process 21
2024/05/13 14:54:12 [notice] 1#1: start worker process 22
2024/05/13 14:54:12 [notice] 1#1: start worker process 23
2024/05/13 14:54:12 [notice] 1#1: start worker process 24
2024/05/13 14:54:12 [notice] 1#1: start worker process 25
2024/05/13 14:54:12 [notice] 1#1: start worker process 26
2024/05/13 14:54:12 [notice] 1#1: start worker process 27
2024/05/13 14:54:12 [notice] 1#1: start worker process 28
2024/05/13 14:54:12 [notice] 1#1: start worker process 29
2024/05/13 14:54:12 [notice] 1#1: start worker process 30
2024/05/13 14:54:12 [notice] 1#1: start worker process 31
2024/05/13 14:54:57 [notice] 1#1: signal 3 (SIGQUIT) received, shutting down
2024/05/13 14:54:57 [notice] 20#20: gracefully shutting down
2024/05/13 14:54:57 [notice] 30#30: gracefully shutting down
2024/05/13 14:54:57 [notice] 21#21: gracefully shutting down
2024/05/13 14:54:57 [notice] 22#22: gracefully shutting down
2024/05/13 14:54:57 [notice] 23#23: gracefully shutting down
2024/05/13 14:54:57 [notice] 24#24: gracefully shutting down
2024/05/13 14:54:57 [notice] 24#24: exiting
2024/05/13 14:54:57 [notice] 25#25: gracefully shutting down
2024/05/13 14:54:57 [notice] 26#26: gracefully shutting down
2024/05/13 14:54:57 [notice] 27#27: gracefully shutting down
2024/05/13 14:54:57 [notice] 28#28: gracefully shutting down
2024/05/13 14:54:57 [notice] 29#29: gracefully shutting down
2024/05/13 14:54:57 [notice] 31#31: gracefully shutting down
2024/05/13 14:54:57 [notice] 20#20: exiting
2024/05/13 14:54:57 [notice] 30#30: exiting
2024/05/13 14:54:57 [notice] 21#21: exiting
2024/05/13 14:54:57 [notice] 22#22: exiting
2024/05/13 14:54:57 [notice] 23#23: exiting
2024/05/13 14:54:57 [notice] 24#24: exit
2024/05/13 14:54:57 [notice] 25#25: exiting
2024/05/13 14:54:57 [notice] 26#26: exiting
2024/05/13 14:54:57 [notice] 27#27: exiting
2024/05/13 14:54:57 [notice] 28#28: exiting
2024/05/13 14:54:57 [notice] 29#29: exiting
2024/05/13 14:54:57 [notice] 31#31: exiting
2024/05/13 14:54:57 [notice] 20#20: exit
2024/05/13 14:54:57 [notice] 30#30: exit
2024/05/13 14:54:57 [notice] 21#21: exit
2024/05/13 14:54:57 [notice] 22#22: exit
2024/05/13 14:54:57 [notice] 23#23: exit
2024/05/13 14:54:57 [notice] 25#25: exit
2024/05/13 14:54:57 [notice] 26#26: exit
2024/05/13 14:54:57 [notice] 27#27: exit
2024/05/13 14:54:57 [notice] 28#28: exit
2024/05/13 14:54:57 [notice] 29#29: exit
2024/05/13 14:54:57 [notice] 31#31: exit
2024/05/13 14:54:58 [notice] 1#1: signal 17 (SIGCHLD) received from 31
2024/05/13 14:54:58 [notice] 1#1: worker process 20 exited with code 0
2024/05/13 14:54:58 [notice] 1#1: worker process 22 exited with code 0
2024/05/13 14:54:58 [notice] 1#1: worker process 31 exited with code 0
2024/05/13 14:54:58 [notice] 1#1: signal 29 (SIGIO) received
2024/05/13 14:54:58 [notice] 1#1: signal 17 (SIGCHLD) received from 25
2024/05/13 14:54:58 [notice] 1#1: worker process 21 exited with code 0
2024/05/13 14:54:58 [notice] 1#1: worker process 25 exited with code 0
2024/05/13 14:54:58 [notice] 1#1: worker process 27 exited with code 0
2024/05/13 14:54:58 [notice] 1#1: worker process 28 exited with code 0
2024/05/13 14:54:58 [notice] 1#1: signal 29 (SIGIO) received
2024/05/13 14:54:58 [notice] 1#1: signal 17 (SIGCHLD) received from 21
2024/05/13 14:54:58 [notice] 1#1: signal 17 (SIGCHLD) received from 30
2024/05/13 14:54:58 [notice] 1#1: worker process 23 exited with code 0
2024/05/13 14:54:58 [notice] 1#1: worker process 26 exited with code 0
2024/05/13 14:54:58 [notice] 1#1: worker process 29 exited with code 0
2024/05/13 14:54:58 [notice] 1#1: worker process 30 exited with code 0
2024/05/13 14:54:58 [notice] 1#1: signal 29 (SIGIO) received
2024/05/13 14:54:58 [notice] 1#1: signal 17 (SIGCHLD) received from 29
2024/05/13 14:54:58 [notice] 1#1: signal 17 (SIGCHLD) received from 24
2024/05/13 14:54:58 [notice] 1#1: worker process 24 exited with code 0
2024/05/13 14:54:58 [notice] 1#1: exit
2024/05/13 14:55:01 [notice] 1#1: using the "epoll" event method
2024/05/13 14:55:01 [notice] 1#1: nginx/1.25.5
2024/05/13 14:55:01 [notice] 1#1: built by gcc 12.2.0 (Debian 12.2.0-14) 
2024/05/13 14:55:01 [notice] 1#1: OS: Linux 5.15.146.1-microsoft-standard-WSL2
2024/05/13 14:55:01 [notice] 1#1: getrlimit(RLIMIT_NOFILE): 1048576:1048576
2024/05/13 14:55:01 [notice] 1#1: start worker processes
2024/05/13 14:55:01 [notice] 1#1: start worker process 20
2024/05/13 14:55:01 [notice] 1#1: start worker process 21
2024/05/13 14:55:01 [notice] 1#1: start worker process 22
2024/05/13 14:55:01 [notice] 1#1: start worker process 23
2024/05/13 14:55:01 [notice] 1#1: start worker process 24
2024/05/13 14:55:01 [notice] 1#1: start worker process 25
2024/05/13 14:55:01 [notice] 1#1: start worker process 26
2024/05/13 14:55:01 [notice] 1#1: start worker process 27
2024/05/13 14:55:01 [notice] 1#1: start worker process 28
2024/05/13 14:55:01 [notice] 1#1: start worker process 29
2024/05/13 14:55:01 [notice] 1#1: start worker process 30
2024/05/13 14:55:01 [notice] 1#1: start worker process 31
2024/05/13 14:55:45 [notice] 1#1: signal 3 (SIGQUIT) received, shutting down
2024/05/13 14:55:45 [notice] 20#20: gracefully shutting down
2024/05/13 14:55:45 [notice] 28#28: gracefully shutting down
2024/05/13 14:55:45 [notice] 21#21: gracefully shutting down
2024/05/13 14:55:45 [notice] 22#22: gracefully shutting down
2024/05/13 14:55:45 [notice] 23#23: gracefully shutting down
2024/05/13 14:55:45 [notice] 24#24: gracefully shutting down
2024/05/13 14:55:45 [notice] 25#25: gracefully shutting down
2024/05/13 14:55:45 [notice] 26#26: gracefully shutting down
2024/05/13 14:55:45 [notice] 27#27: gracefully shutting down
2024/05/13 14:55:45 [notice] 20#20: exiting
2024/05/13 14:55:45 [notice] 30#30: gracefully shutting down
2024/05/13 14:55:45 [notice] 29#29: gracefully shutting down
2024/05/13 14:55:45 [notice] 31#31: gracefully shutting down
2024/05/13 14:55:45 [notice] 31#31: exiting
2024/05/13 14:55:45 [notice] 28#28: exiting
2024/05/13 14:55:45 [notice] 21#21: exiting
2024/05/13 14:55:45 [notice] 22#22: exiting
2024/05/13 14:55:45 [notice] 23#23: exiting
2024/05/13 14:55:45 [notice] 24#24: exiting
2024/05/13 14:55:45 [notice] 25#25: exiting
2024/05/13 14:55:45 [notice] 26#26: exiting
2024/05/13 14:55:45 [notice] 27#27: exiting
2024/05/13 14:55:45 [notice] 20#20: exit
2024/05/13 14:55:45 [notice] 30#30: exiting
2024/05/13 14:55:45 [notice] 29#29: exiting
2024/05/13 14:55:45 [notice] 31#31: exit
2024/05/13 14:55:45 [notice] 28#28: exit
2024/05/13 14:55:45 [notice] 21#21: exit
2024/05/13 14:55:45 [notice] 22#22: exit
2024/05/13 14:55:45 [notice] 23#23: exit
2024/05/13 14:55:45 [notice] 24#24: exit
2024/05/13 14:55:45 [notice] 25#25: exit
2024/05/13 14:55:45 [notice] 26#26: exit
2024/05/13 14:55:45 [notice] 27#27: exit
2024/05/13 14:55:45 [notice] 30#30: exit
2024/05/13 14:55:45 [notice] 29#29: exit
2024/05/13 14:55:46 [notice] 1#1: signal 17 (SIGCHLD) received from 23
2024/05/13 14:55:46 [notice] 1#1: worker process 23 exited with code 0
2024/05/13 14:55:46 [notice] 1#1: worker process 24 exited with code 0
2024/05/13 14:55:46 [notice] 1#1: worker process 29 exited with code 0
2024/05/13 14:55:46 [notice] 1#1: signal 29 (SIGIO) received
2024/05/13 14:55:46 [notice] 1#1: signal 17 (SIGCHLD) received from 29
2024/05/13 14:55:46 [notice] 1#1: signal 17 (SIGCHLD) received from 31
2024/05/13 14:55:46 [notice] 1#1: worker process 25 exited with code 0
2024/05/13 14:55:46 [notice] 1#1: worker process 28 exited with code 0
2024/05/13 14:55:46 [notice] 1#1: worker process 31 exited with code 0
2024/05/13 14:55:46 [notice] 1#1: signal 29 (SIGIO) received
2024/05/13 14:55:46 [notice] 1#1: signal 17 (SIGCHLD) received from 22
2024/05/13 14:55:46 [notice] 1#1: worker process 20 exited with code 0
2024/05/13 14:55:46 [notice] 1#1: worker process 22 exited with code 0
2024/05/13 14:55:46 [notice] 1#1: worker process 26 exited with code 0
2024/05/13 14:55:46 [notice] 1#1: worker process 30 exited with code 0
2024/05/13 14:55:46 [notice] 1#1: signal 29 (SIGIO) received
2024/05/13 14:55:46 [notice] 1#1: signal 17 (SIGCHLD) received from 27
2024/05/13 14:55:46 [notice] 1#1: worker process 21 exited with code 0
2024/05/13 14:55:46 [notice] 1#1: worker process 27 exited with code 0
2024/05/13 14:55:46 [notice] 1#1: exit
2024/05/13 14:56:08 [notice] 1#1: using the "epoll" event method
2024/05/13 14:56:08 [notice] 1#1: nginx/1.25.5
2024/05/13 14:56:08 [notice] 1#1: built by gcc 12.2.0 (Debian 12.2.0-14) 
2024/05/13 14:56:08 [notice] 1#1: OS: Linux 5.15.146.1-microsoft-standard-WSL2
2024/05/13 14:56:08 [notice] 1#1: getrlimit(RLIMIT_NOFILE): 1048576:1048576
2024/05/13 14:56:08 [notice] 1#1: start worker processes
2024/05/13 14:56:08 [notice] 1#1: start worker process 20
2024/05/13 14:56:08 [notice] 1#1: start worker process 21
2024/05/13 14:56:08 [notice] 1#1: start worker process 22
2024/05/13 14:56:08 [notice] 1#1: start worker process 23
2024/05/13 14:56:08 [notice] 1#1: start worker process 24
2024/05/13 14:56:08 [notice] 1#1: start worker process 25
2024/05/13 14:56:08 [notice] 1#1: start worker process 26
2024/05/13 14:56:08 [notice] 1#1: start worker process 27
2024/05/13 14:56:08 [notice] 1#1: start worker process 28
2024/05/13 14:56:08 [notice] 1#1: start worker process 29
2024/05/13 14:56:08 [notice] 1#1: start worker process 30
2024/05/13 14:56:08 [notice] 1#1: start worker process 31
2024/05/13 14:56:35 [notice] 1#1: signal 3 (SIGQUIT) received, shutting down
2024/05/13 14:56:35 [notice] 20#20: gracefully shutting down
2024/05/13 14:56:35 [notice] 31#31: gracefully shutting down
2024/05/13 14:56:35 [notice] 21#21: gracefully shutting down
2024/05/13 14:56:35 [notice] 22#22: gracefully shutting down
2024/05/13 14:56:35 [notice] 23#23: gracefully shutting down
2024/05/13 14:56:35 [notice] 24#24: gracefully shutting down
2024/05/13 14:56:35 [notice] 25#25: gracefully shutting down
2024/05/13 14:56:35 [notice] 26#26: gracefully shutting down
2024/05/13 14:56:35 [notice] 28#28: gracefully shutting down
2024/05/13 14:56:35 [notice] 27#27: gracefully shutting down
2024/05/13 14:56:35 [notice] 29#29: gracefully shutting down
2024/05/13 14:56:35 [notice] 30#30: gracefully shutting down
2024/05/13 14:56:35 [notice] 20#20: exiting
2024/05/13 14:56:35 [notice] 31#31: exiting
2024/05/13 14:56:35 [notice] 21#21: exiting
2024/05/13 14:56:35 [notice] 22#22: exiting
2024/05/13 14:56:35 [notice] 23#23: exiting
2024/05/13 14:56:35 [notice] 24#24: exiting
2024/05/13 14:56:35 [notice] 25#25: exiting
2024/05/13 14:56:35 [notice] 26#26: exiting
2024/05/13 14:56:35 [notice] 28#28: exiting
2024/05/13 14:56:35 [notice] 27#27: exiting
2024/05/13 14:56:35 [notice] 29#29: exiting
2024/05/13 14:56:35 [notice] 30#30: exiting
2024/05/13 14:56:35 [notice] 20#20: exit
2024/05/13 14:56:35 [notice] 31#31: exit
2024/05/13 14:56:35 [notice] 21#21: exit
2024/05/13 14:56:35 [notice] 22#22: exit
2024/05/13 14:56:35 [notice] 23#23: exit
2024/05/13 14:56:35 [notice] 24#24: exit
2024/05/13 14:56:35 [notice] 25#25: exit
2024/05/13 14:56:35 [notice] 26#26: exit
2024/05/13 14:56:35 [notice] 28#28: exit
2024/05/13 14:56:35 [notice] 27#27: exit
2024/05/13 14:56:35 [notice] 29#29: exit
2024/05/13 14:56:35 [notice] 30#30: exit
2024/05/13 14:56:35 [notice] 1#1: signal 17 (SIGCHLD) received from 25
2024/05/13 14:56:35 [notice] 1#1: worker process 20 exited with code 0
2024/05/13 14:56:35 [notice] 1#1: worker process 22 exited with code 0
2024/05/13 14:56:35 [notice] 1#1: worker process 23 exited with code 0
2024/05/13 14:56:35 [notice] 1#1: worker process 24 exited with code 0
2024/05/13 14:56:35 [notice] 1#1: worker process 25 exited with code 0
2024/05/13 14:56:35 [notice] 1#1: worker process 26 exited with code 0
2024/05/13 14:56:35 [notice] 1#1: worker process 29 exited with code 0
2024/05/13 14:56:35 [notice] 1#1: worker process 30 exited with code 0
2024/05/13 14:56:35 [notice] 1#1: signal 29 (SIGIO) received
2024/05/13 14:56:35 [notice] 1#1: signal 17 (SIGCHLD) received from 24
2024/05/13 14:56:35 [notice] 1#1: signal 17 (SIGCHLD) received from 27
2024/05/13 14:56:35 [notice] 1#1: worker process 27 exited with code 0
2024/05/13 14:56:35 [notice] 1#1: worker process 28 exited with code 0
2024/05/13 14:56:35 [notice] 1#1: worker process 31 exited with code 0
2024/05/13 14:56:35 [notice] 1#1: signal 29 (SIGIO) received
2024/05/13 14:56:35 [notice] 1#1: signal 17 (SIGCHLD) received from 21
2024/05/13 14:56:35 [notice] 1#1: worker process 21 exited with code 0
2024/05/13 14:56:35 [notice] 1#1: exit
2024/05/13 14:56:38 [notice] 1#1: using the "epoll" event method
2024/05/13 14:56:38 [notice] 1#1: nginx/1.25.5
2024/05/13 14:56:38 [notice] 1#1: built by gcc 12.2.0 (Debian 12.2.0-14) 
2024/05/13 14:56:38 [notice] 1#1: OS: Linux 5.15.146.1-microsoft-standard-WSL2
2024/05/13 14:56:38 [notice] 1#1: getrlimit(RLIMIT_NOFILE): 1048576:1048576
2024/05/13 14:56:38 [notice] 1#1: start worker processes
2024/05/13 14:56:38 [notice] 1#1: start worker process 20
2024/05/13 14:56:38 [notice] 1#1: start worker process 21
2024/05/13 14:56:38 [notice] 1#1: start worker process 22
2024/05/13 14:56:38 [notice] 1#1: start worker process 23
2024/05/13 14:56:38 [notice] 1#1: start worker process 24
2024/05/13 14:56:38 [notice] 1#1: start worker process 25
2024/05/13 14:56:38 [notice] 1#1: start worker process 26
2024/05/13 14:56:38 [notice] 1#1: start worker process 27
2024/05/13 14:56:38 [notice] 1#1: start worker process 28
2024/05/13 14:56:38 [notice] 1#1: start worker process 29
2024/05/13 14:56:38 [notice] 1#1: start worker process 30
2024/05/13 14:56:38 [notice] 1#1: start worker process 31
2024/05/13 14:59:10 [notice] 1#1: signal 3 (SIGQUIT) received, shutting down
2024/05/13 14:59:10 [notice] 20#20: gracefully shutting down
2024/05/13 14:59:10 [notice] 29#29: gracefully shutting down
2024/05/13 14:59:10 [notice] 21#21: gracefully shutting down
2024/05/13 14:59:10 [notice] 22#22: gracefully shutting down
2024/05/13 14:59:10 [notice] 23#23: gracefully shutting down
2024/05/13 14:59:10 [notice] 24#24: gracefully shutting down
2024/05/13 14:59:10 [notice] 25#25: gracefully shutting down
2024/05/13 14:59:10 [notice] 27#27: gracefully shutting down
2024/05/13 14:59:10 [notice] 26#26: gracefully shutting down
2024/05/13 14:59:10 [notice] 28#28: gracefully shutting down
2024/05/13 14:59:10 [notice] 30#30: gracefully shutting down
2024/05/13 14:59:10 [notice] 31#31: gracefully shutting down
2024/05/13 14:59:10 [notice] 20#20: exiting
2024/05/13 14:59:10 [notice] 29#29: exiting
2024/05/13 14:59:10 [notice] 21#21: exiting
2024/05/13 14:59:10 [notice] 22#22: exiting
2024/05/13 14:59:10 [notice] 23#23: exiting
2024/05/13 14:59:10 [notice] 24#24: exiting
2024/05/13 14:59:10 [notice] 25#25: exiting
2024/05/13 14:59:10 [notice] 27#27: exiting
2024/05/13 14:59:10 [notice] 26#26: exiting
2024/05/13 14:59:10 [notice] 28#28: exiting
2024/05/13 14:59:10 [notice] 30#30: exiting
2024/05/13 14:59:10 [notice] 31#31: exiting
2024/05/13 14:59:10 [notice] 20#20: exit
2024/05/13 14:59:10 [notice] 29#29: exit
2024/05/13 14:59:10 [notice] 21#21: exit
2024/05/13 14:59:10 [notice] 22#22: exit
2024/05/13 14:59:10 [notice] 23#23: exit
2024/05/13 14:59:10 [notice] 24#24: exit
2024/05/13 14:59:10 [notice] 25#25: exit
2024/05/13 14:59:10 [notice] 27#27: exit
2024/05/13 14:59:10 [notice] 26#26: exit
2024/05/13 14:59:10 [notice] 28#28: exit
2024/05/13 14:59:10 [notice] 30#30: exit
2024/05/13 14:59:10 [notice] 31#31: exit
2024/05/13 14:59:10 [notice] 1#1: signal 17 (SIGCHLD) received from 26
2024/05/13 14:59:10 [notice] 1#1: worker process 26 exited with code 0
2024/05/13 14:59:10 [notice] 1#1: signal 29 (SIGIO) received
2024/05/13 14:59:10 [notice] 1#1: signal 17 (SIGCHLD) received from 20
2024/05/13 14:59:10 [notice] 1#1: worker process 20 exited with code 0
2024/05/13 14:59:10 [notice] 1#1: worker process 21 exited with code 0
2024/05/13 14:59:10 [notice] 1#1: worker process 22 exited with code 0
2024/05/13 14:59:10 [notice] 1#1: worker process 24 exited with code 0
2024/05/13 14:59:10 [notice] 1#1: worker process 27 exited with code 0
2024/05/13 14:59:10 [notice] 1#1: worker process 28 exited with code 0
2024/05/13 14:59:10 [notice] 1#1: worker process 29 exited with code 0
2024/05/13 14:59:10 [notice] 1#1: worker process 30 exited with code 0
2024/05/13 14:59:10 [notice] 1#1: signal 29 (SIGIO) received
2024/05/13 14:59:10 [notice] 1#1: signal 17 (SIGCHLD) received from 21
2024/05/13 14:59:10 [notice] 1#1: signal 17 (SIGCHLD) received from 25
2024/05/13 14:59:10 [notice] 1#1: worker process 25 exited with code 0
2024/05/13 14:59:10 [notice] 1#1: worker process 31 exited with code 0
2024/05/13 14:59:10 [notice] 1#1: signal 29 (SIGIO) received
2024/05/13 14:59:10 [notice] 1#1: signal 17 (SIGCHLD) received from 31
2024/05/13 14:59:10 [notice] 1#1: signal 17 (SIGCHLD) received from 23
2024/05/13 14:59:10 [notice] 1#1: worker process 23 exited with code 0
2024/05/13 14:59:10 [notice] 1#1: exit
2024/05/13 14:59:15 [notice] 1#1: using the "epoll" event method
2024/05/13 14:59:15 [notice] 1#1: nginx/1.25.5
2024/05/13 14:59:15 [notice] 1#1: built by gcc 12.2.0 (Debian 12.2.0-14) 
2024/05/13 14:59:15 [notice] 1#1: OS: Linux 5.15.146.1-microsoft-standard-WSL2
2024/05/13 14:59:15 [notice] 1#1: getrlimit(RLIMIT_NOFILE): 1048576:1048576
2024/05/13 14:59:15 [notice] 1#1: start worker processes
2024/05/13 14:59:15 [notice] 1#1: start worker process 20
2024/05/13 14:59:15 [notice] 1#1: start worker process 21
2024/05/13 14:59:15 [notice] 1#1: start worker process 22
2024/05/13 14:59:15 [notice] 1#1: start worker process 23
2024/05/13 14:59:15 [notice] 1#1: start worker process 24
2024/05/13 14:59:15 [notice] 1#1: start worker process 25
2024/05/13 14:59:15 [notice] 1#1: start worker process 26
2024/05/13 14:59:15 [notice] 1#1: start worker process 27
2024/05/13 14:59:15 [notice] 1#1: start worker process 28
2024/05/13 14:59:15 [notice] 1#1: start worker process 29
2024/05/13 14:59:15 [notice] 1#1: start worker process 30
2024/05/13 14:59:15 [notice] 1#1: start worker process 31
2024/05/13 15:02:59 [notice] 1#1: signal 3 (SIGQUIT) received, shutting down
2024/05/13 15:02:59 [notice] 20#20: gracefully shutting down
2024/05/13 15:02:59 [notice] 21#21: gracefully shutting down
2024/05/13 15:02:59 [notice] 22#22: gracefully shutting down
2024/05/13 15:02:59 [notice] 23#23: gracefully shutting down
2024/05/13 15:02:59 [notice] 24#24: gracefully shutting down
2024/05/13 15:02:59 [notice] 25#25: gracefully shutting down
2024/05/13 15:02:59 [notice] 26#26: gracefully shutting down
2024/05/13 15:02:59 [notice] 27#27: gracefully shutting down
2024/05/13 15:02:59 [notice] 28#28: gracefully shutting down
2024/05/13 15:02:59 [notice] 29#29: gracefully shutting down
2024/05/13 15:02:59 [notice] 31#31: gracefully shutting down
2024/05/13 15:02:59 [notice] 20#20: exiting
2024/05/13 15:02:59 [notice] 30#30: gracefully shutting down
2024/05/13 15:02:59 [notice] 21#21: exiting
2024/05/13 15:02:59 [notice] 22#22: exiting
2024/05/13 15:02:59 [notice] 23#23: exiting
2024/05/13 15:02:59 [notice] 24#24: exiting
2024/05/13 15:02:59 [notice] 25#25: exiting
2024/05/13 15:02:59 [notice] 26#26: exiting
2024/05/13 15:02:59 [notice] 27#27: exiting
2024/05/13 15:02:59 [notice] 28#28: exiting
2024/05/13 15:02:59 [notice] 29#29: exiting
2024/05/13 15:02:59 [notice] 31#31: exiting
2024/05/13 15:02:59 [notice] 20#20: exit
2024/05/13 15:02:59 [notice] 30#30: exiting
2024/05/13 15:02:59 [notice] 21#21: exit
2024/05/13 15:02:59 [notice] 22#22: exit
2024/05/13 15:02:59 [notice] 23#23: exit
2024/05/13 15:02:59 [notice] 24#24: exit
2024/05/13 15:02:59 [notice] 25#25: exit
2024/05/13 15:02:59 [notice] 26#26: exit
2024/05/13 15:02:59 [notice] 27#27: exit
2024/05/13 15:02:59 [notice] 28#28: exit
2024/05/13 15:02:59 [notice] 29#29: exit
2024/05/13 15:02:59 [notice] 31#31: exit
2024/05/13 15:02:59 [notice] 30#30: exit
2024/05/13 15:02:59 [notice] 1#1: signal 17 (SIGCHLD) received from 20
2024/05/13 15:02:59 [notice] 1#1: worker process 20 exited with code 0
2024/05/13 15:02:59 [notice] 1#1: worker process 26 exited with code 0
2024/05/13 15:02:59 [notice] 1#1: signal 29 (SIGIO) received
2024/05/13 15:02:59 [notice] 1#1: signal 17 (SIGCHLD) received from 24
2024/05/13 15:02:59 [notice] 1#1: worker process 21 exited with code 0
2024/05/13 15:02:59 [notice] 1#1: worker process 22 exited with code 0
2024/05/13 15:02:59 [notice] 1#1: worker process 23 exited with code 0
2024/05/13 15:02:59 [notice] 1#1: worker process 24 exited with code 0
2024/05/13 15:02:59 [notice] 1#1: worker process 25 exited with code 0
2024/05/13 15:02:59 [notice] 1#1: worker process 27 exited with code 0
2024/05/13 15:02:59 [notice] 1#1: worker process 28 exited with code 0
2024/05/13 15:02:59 [notice] 1#1: worker process 29 exited with code 0
2024/05/13 15:02:59 [notice] 1#1: worker process 30 exited with code 0
2024/05/13 15:02:59 [notice] 1#1: worker process 31 exited with code 0
2024/05/13 15:02:59 [notice] 1#1: exit
2024/05/13 15:03:36 [notice] 1#1: using the "epoll" event method
2024/05/13 15:03:36 [notice] 1#1: nginx/1.25.5
2024/05/13 15:03:36 [notice] 1#1: built by gcc 12.2.0 (Debian 12.2.0-14) 
2024/05/13 15:03:36 [notice] 1#1: OS: Linux 5.15.146.1-microsoft-standard-WSL2
2024/05/13 15:03:36 [notice] 1#1: getrlimit(RLIMIT_NOFILE): 1048576:1048576
2024/05/13 15:03:36 [notice] 1#1: start worker processes
2024/05/13 15:03:36 [notice] 1#1: start worker process 20
2024/05/13 15:03:36 [notice] 1#1: start worker process 21
2024/05/13 15:03:36 [notice] 1#1: start worker process 22
2024/05/13 15:03:36 [notice] 1#1: start worker process 23
2024/05/13 15:03:36 [notice] 1#1: start worker process 24
2024/05/13 15:03:36 [notice] 1#1: start worker process 25
2024/05/13 15:03:36 [notice] 1#1: start worker process 26
2024/05/13 15:03:36 [notice] 1#1: start worker process 27
2024/05/13 15:03:36 [notice] 1#1: start worker process 28
2024/05/13 15:03:36 [notice] 1#1: start worker process 29
2024/05/13 15:03:36 [notice] 1#1: start worker process 30
2024/05/13 15:03:36 [notice] 1#1: start worker process 31
2024/05/13 15:04:48 [notice] 1#1: signal 3 (SIGQUIT) received, shutting down
2024/05/13 15:04:48 [notice] 20#20: gracefully shutting down
2024/05/13 15:04:48 [notice] 31#31: gracefully shutting down
2024/05/13 15:04:48 [notice] 21#21: gracefully shutting down
2024/05/13 15:04:48 [notice] 22#22: gracefully shutting down
2024/05/13 15:04:48 [notice] 23#23: gracefully shutting down
2024/05/13 15:04:48 [notice] 24#24: gracefully shutting down
2024/05/13 15:04:48 [notice] 25#25: gracefully shutting down
2024/05/13 15:04:48 [notice] 26#26: gracefully shutting down
2024/05/13 15:04:48 [notice] 27#27: gracefully shutting down
2024/05/13 15:04:48 [notice] 28#28: gracefully shutting down
2024/05/13 15:04:48 [notice] 29#29: gracefully shutting down
2024/05/13 15:04:48 [notice] 30#30: gracefully shutting down
2024/05/13 15:04:48 [notice] 20#20: exiting
2024/05/13 15:04:48 [notice] 31#31: exiting
2024/05/13 15:04:48 [notice] 21#21: exiting
2024/05/13 15:04:48 [notice] 22#22: exiting
2024/05/13 15:04:48 [notice] 23#23: exiting
2024/05/13 15:04:48 [notice] 24#24: exiting
2024/05/13 15:04:48 [notice] 25#25: exiting
2024/05/13 15:04:48 [notice] 26#26: exiting
2024/05/13 15:04:48 [notice] 27#27: exiting
2024/05/13 15:04:48 [notice] 28#28: exiting
2024/05/13 15:04:48 [notice] 29#29: exiting
2024/05/13 15:04:48 [notice] 30#30: exiting
2024/05/13 15:04:48 [notice] 20#20: exit
2024/05/13 15:04:48 [notice] 31#31: exit
2024/05/13 15:04:48 [notice] 21#21: exit
2024/05/13 15:04:48 [notice] 22#22: exit
2024/05/13 15:04:48 [notice] 23#23: exit
2024/05/13 15:04:48 [notice] 24#24: exit
2024/05/13 15:04:48 [notice] 25#25: exit
2024/05/13 15:04:48 [notice] 26#26: exit
2024/05/13 15:04:48 [notice] 27#27: exit
2024/05/13 15:04:48 [notice] 28#28: exit
2024/05/13 15:04:48 [notice] 29#29: exit
2024/05/13 15:04:48 [notice] 30#30: exit
2024/05/13 15:04:48 [notice] 1#1: signal 17 (SIGCHLD) received from 29
2024/05/13 15:04:48 [notice] 1#1: worker process 29 exited with code 0
2024/05/13 15:04:48 [notice] 1#1: signal 29 (SIGIO) received
2024/05/13 15:04:48 [notice] 1#1: signal 17 (SIGCHLD) received from 24
2024/05/13 15:04:48 [notice] 1#1: worker process 22 exited with code 0
2024/05/13 15:04:48 [notice] 1#1: worker process 23 exited with code 0
2024/05/13 15:04:48 [notice] 1#1: worker process 24 exited with code 0
2024/05/13 15:04:48 [notice] 1#1: worker process 25 exited with code 0
2024/05/13 15:04:48 [notice] 1#1: worker process 27 exited with code 0
2024/05/13 15:04:48 [notice] 1#1: worker process 30 exited with code 0
2024/05/13 15:04:48 [notice] 1#1: signal 29 (SIGIO) received
2024/05/13 15:04:48 [notice] 1#1: signal 17 (SIGCHLD) received from 25
2024/05/13 15:04:48 [notice] 1#1: signal 17 (SIGCHLD) received from 28
2024/05/13 15:04:48 [notice] 1#1: worker process 20 exited with code 0
2024/05/13 15:04:48 [notice] 1#1: worker process 21 exited with code 0
2024/05/13 15:04:48 [notice] 1#1: worker process 26 exited with code 0
2024/05/13 15:04:48 [notice] 1#1: worker process 28 exited with code 0
2024/05/13 15:04:48 [notice] 1#1: worker process 31 exited with code 0
2024/05/13 15:04:48 [notice] 1#1: exit
2024/05/13 15:04:54 [notice] 1#1: using the "epoll" event method
2024/05/13 15:04:54 [notice] 1#1: nginx/1.25.5
2024/05/13 15:04:54 [notice] 1#1: built by gcc 12.2.0 (Debian 12.2.0-14) 
2024/05/13 15:04:54 [notice] 1#1: OS: Linux 5.15.146.1-microsoft-standard-WSL2
2024/05/13 15:04:54 [notice] 1#1: getrlimit(RLIMIT_NOFILE): 1048576:1048576
2024/05/13 15:04:54 [notice] 1#1: start worker processes
2024/05/13 15:04:54 [notice] 1#1: start worker process 21
2024/05/13 15:04:54 [notice] 1#1: start worker process 22
2024/05/13 15:04:54 [notice] 1#1: start worker process 23
2024/05/13 15:04:54 [notice] 1#1: start worker process 24
2024/05/13 15:04:54 [notice] 1#1: start worker process 25
2024/05/13 15:04:54 [notice] 1#1: start worker process 26
2024/05/13 15:04:54 [notice] 1#1: start worker process 27
2024/05/13 15:04:54 [notice] 1#1: start worker process 28
2024/05/13 15:04:54 [notice] 1#1: start worker process 29
2024/05/13 15:04:54 [notice] 1#1: start worker process 30
2024/05/13 15:04:54 [notice] 1#1: start worker process 31
2024/05/13 15:04:54 [notice] 1#1: start worker process 32
2024/05/13 15:07:57 [notice] 1#1: signal 3 (SIGQUIT) received, shutting down
2024/05/13 15:07:57 [notice] 21#21: gracefully shutting down
2024/05/13 15:07:57 [notice] 31#31: gracefully shutting down
2024/05/13 15:07:57 [notice] 22#22: gracefully shutting down
2024/05/13 15:07:57 [notice] 23#23: gracefully shutting down
2024/05/13 15:07:57 [notice] 24#24: gracefully shutting down
2024/05/13 15:07:57 [notice] 25#25: gracefully shutting down
2024/05/13 15:07:57 [notice] 25#25: exiting
2024/05/13 15:07:57 [notice] 26#26: gracefully shutting down
2024/05/13 15:07:57 [notice] 27#27: gracefully shutting down
2024/05/13 15:07:57 [notice] 29#29: gracefully shutting down
2024/05/13 15:07:57 [notice] 28#28: gracefully shutting down
2024/05/13 15:07:57 [notice] 30#30: gracefully shutting down
2024/05/13 15:07:57 [notice] 32#32: gracefully shutting down
2024/05/13 15:07:57 [notice] 21#21: exiting
2024/05/13 15:07:57 [notice] 31#31: exiting
2024/05/13 15:07:57 [notice] 22#22: exiting
2024/05/13 15:07:57 [notice] 23#23: exiting
2024/05/13 15:07:57 [notice] 24#24: exiting
2024/05/13 15:07:57 [notice] 25#25: exit
2024/05/13 15:07:57 [notice] 26#26: exiting
2024/05/13 15:07:57 [notice] 27#27: exiting
2024/05/13 15:07:57 [notice] 29#29: exiting
2024/05/13 15:07:57 [notice] 28#28: exiting
2024/05/13 15:07:57 [notice] 30#30: exiting
2024/05/13 15:07:57 [notice] 32#32: exiting
2024/05/13 15:07:57 [notice] 21#21: exit
2024/05/13 15:07:57 [notice] 31#31: exit
2024/05/13 15:07:57 [notice] 22#22: exit
2024/05/13 15:07:57 [notice] 23#23: exit
2024/05/13 15:07:57 [notice] 24#24: exit
2024/05/13 15:07:57 [notice] 26#26: exit
2024/05/13 15:07:57 [notice] 27#27: exit
2024/05/13 15:07:57 [notice] 29#29: exit
2024/05/13 15:07:57 [notice] 28#28: exit
2024/05/13 15:07:57 [notice] 30#30: exit
2024/05/13 15:07:57 [notice] 32#32: exit
2024/05/13 15:07:57 [notice] 1#1: signal 17 (SIGCHLD) received from 30
2024/05/13 15:07:57 [notice] 1#1: worker process 22 exited with code 0
2024/05/13 15:07:57 [notice] 1#1: worker process 23 exited with code 0
2024/05/13 15:07:57 [notice] 1#1: worker process 27 exited with code 0
2024/05/13 15:07:57 [notice] 1#1: worker process 28 exited with code 0
2024/05/13 15:07:57 [notice] 1#1: worker process 29 exited with code 0
2024/05/13 15:07:57 [notice] 1#1: worker process 30 exited with code 0
2024/05/13 15:07:57 [notice] 1#1: signal 29 (SIGIO) received
2024/05/13 15:07:57 [notice] 1#1: signal 17 (SIGCHLD) received from 29
2024/05/13 15:07:57 [notice] 1#1: signal 17 (SIGCHLD) received from 31
2024/05/13 15:07:57 [notice] 1#1: worker process 21 exited with code 0
2024/05/13 15:07:57 [notice] 1#1: worker process 24 exited with code 0
2024/05/13 15:07:57 [notice] 1#1: worker process 25 exited with code 0
2024/05/13 15:07:57 [notice] 1#1: worker process 26 exited with code 0
2024/05/13 15:07:57 [notice] 1#1: worker process 31 exited with code 0
2024/05/13 15:07:57 [notice] 1#1: worker process 32 exited with code 0
2024/05/13 15:07:57 [notice] 1#1: exit
2024/05/13 15:08:02 [notice] 1#1: using the "epoll" event method
2024/05/13 15:08:02 [notice] 1#1: nginx/1.25.5
2024/05/13 15:08:02 [notice] 1#1: built by gcc 12.2.0 (Debian 12.2.0-14) 
2024/05/13 15:08:02 [notice] 1#1: OS: Linux 5.15.146.1-microsoft-standard-WSL2
2024/05/13 15:08:02 [notice] 1#1: getrlimit(RLIMIT_NOFILE): 1048576:1048576
2024/05/13 15:08:02 [notice] 1#1: start worker processes
2024/05/13 15:08:02 [notice] 1#1: start worker process 20
2024/05/13 15:08:02 [notice] 1#1: start worker process 21
2024/05/13 15:08:02 [notice] 1#1: start worker process 22
2024/05/13 15:08:02 [notice] 1#1: start worker process 23
2024/05/13 15:08:02 [notice] 1#1: start worker process 24
2024/05/13 15:08:02 [notice] 1#1: start worker process 25
2024/05/13 15:08:02 [notice] 1#1: start worker process 26
2024/05/13 15:08:02 [notice] 1#1: start worker process 27
2024/05/13 15:08:02 [notice] 1#1: start worker process 28
2024/05/13 15:08:02 [notice] 1#1: start worker process 29
2024/05/13 15:08:02 [notice] 1#1: start worker process 30
2024/05/13 15:08:02 [notice] 1#1: start worker process 31
2024/05/13 15:10:10 [notice] 1#1: signal 3 (SIGQUIT) received, shutting down
2024/05/13 15:10:10 [notice] 20#20: gracefully shutting down
2024/05/13 15:10:10 [notice] 31#31: gracefully shutting down
2024/05/13 15:10:10 [notice] 21#21: gracefully shutting down
2024/05/13 15:10:10 [notice] 22#22: gracefully shutting down
2024/05/13 15:10:10 [notice] 24#24: gracefully shutting down
2024/05/13 15:10:10 [notice] 23#23: gracefully shutting down
2024/05/13 15:10:10 [notice] 26#26: gracefully shutting down
2024/05/13 15:10:10 [notice] 26#26: exiting
2024/05/13 15:10:10 [notice] 27#27: gracefully shutting down
2024/05/13 15:10:10 [notice] 25#25: gracefully shutting down
2024/05/13 15:10:10 [notice] 28#28: gracefully shutting down
2024/05/13 15:10:10 [notice] 30#30: gracefully shutting down
2024/05/13 15:10:10 [notice] 29#29: gracefully shutting down
2024/05/13 15:10:10 [notice] 20#20: exiting
2024/05/13 15:10:10 [notice] 31#31: exiting
2024/05/13 15:10:10 [notice] 21#21: exiting
2024/05/13 15:10:10 [notice] 22#22: exiting
2024/05/13 15:10:10 [notice] 24#24: exiting
2024/05/13 15:10:10 [notice] 23#23: exiting
2024/05/13 15:10:10 [notice] 26#26: exit
2024/05/13 15:10:10 [notice] 27#27: exiting
2024/05/13 15:10:10 [notice] 25#25: exiting
2024/05/13 15:10:10 [notice] 28#28: exiting
2024/05/13 15:10:10 [notice] 30#30: exiting
2024/05/13 15:10:10 [notice] 29#29: exiting
2024/05/13 15:10:10 [notice] 20#20: exit
2024/05/13 15:10:10 [notice] 31#31: exit
2024/05/13 15:10:10 [notice] 21#21: exit
2024/05/13 15:10:10 [notice] 22#22: exit
2024/05/13 15:10:10 [notice] 24#24: exit
2024/05/13 15:10:10 [notice] 23#23: exit
2024/05/13 15:10:10 [notice] 27#27: exit
2024/05/13 15:10:10 [notice] 25#25: exit
2024/05/13 15:10:10 [notice] 28#28: exit
2024/05/13 15:10:10 [notice] 30#30: exit
2024/05/13 15:10:10 [notice] 29#29: exit
2024/05/13 15:10:10 [notice] 1#1: signal 17 (SIGCHLD) received from 22
2024/05/13 15:10:10 [notice] 1#1: worker process 20 exited with code 0
2024/05/13 15:10:10 [notice] 1#1: worker process 22 exited with code 0
2024/05/13 15:10:10 [notice] 1#1: signal 29 (SIGIO) received
2024/05/13 15:10:10 [notice] 1#1: signal 17 (SIGCHLD) received from 23
2024/05/13 15:10:10 [notice] 1#1: worker process 23 exited with code 0
2024/05/13 15:10:10 [notice] 1#1: worker process 26 exited with code 0
2024/05/13 15:10:10 [notice] 1#1: worker process 28 exited with code 0
2024/05/13 15:10:10 [notice] 1#1: worker process 29 exited with code 0
2024/05/13 15:10:10 [notice] 1#1: worker process 30 exited with code 0
2024/05/13 15:10:10 [notice] 1#1: worker process 31 exited with code 0
2024/05/13 15:10:10 [notice] 1#1: signal 29 (SIGIO) received
2024/05/13 15:10:10 [notice] 1#1: signal 17 (SIGCHLD) received from 27
2024/05/13 15:10:10 [notice] 1#1: worker process 27 exited with code 0
2024/05/13 15:10:10 [notice] 1#1: signal 29 (SIGIO) received
2024/05/13 15:10:10 [notice] 1#1: signal 17 (SIGCHLD) received from 21
2024/05/13 15:10:10 [notice] 1#1: worker process 21 exited with code 0
2024/05/13 15:10:10 [notice] 1#1: worker process 25 exited with code 0
2024/05/13 15:10:10 [notice] 1#1: signal 29 (SIGIO) received
2024/05/13 15:10:10 [notice] 1#1: signal 17 (SIGCHLD) received from 24
2024/05/13 15:10:10 [notice] 1#1: worker process 24 exited with code 0
2024/05/13 15:10:10 [notice] 1#1: exit
2024/05/13 15:11:38 [notice] 1#1: using the "epoll" event method
2024/05/13 15:11:38 [notice] 1#1: nginx/1.25.5
2024/05/13 15:11:38 [notice] 1#1: built by gcc 12.2.0 (Debian 12.2.0-14) 
2024/05/13 15:11:38 [notice] 1#1: OS: Linux 5.15.146.1-microsoft-standard-WSL2
2024/05/13 15:11:38 [notice] 1#1: getrlimit(RLIMIT_NOFILE): 1048576:1048576
2024/05/13 15:11:38 [notice] 1#1: start worker processes
2024/05/13 15:11:38 [notice] 1#1: start worker process 20
2024/05/13 15:11:38 [notice] 1#1: start worker process 21
2024/05/13 15:11:38 [notice] 1#1: start worker process 22
2024/05/13 15:11:38 [notice] 1#1: start worker process 23
2024/05/13 15:11:38 [notice] 1#1: start worker process 24
2024/05/13 15:11:38 [notice] 1#1: start worker process 25
2024/05/13 15:11:38 [notice] 1#1: start worker process 26
2024/05/13 15:11:38 [notice] 1#1: start worker process 27
2024/05/13 15:11:38 [notice] 1#1: start worker process 28
2024/05/13 15:11:38 [notice] 1#1: start worker process 29
2024/05/13 15:11:38 [notice] 1#1: start worker process 30
2024/05/13 15:11:38 [notice] 1#1: start worker process 31
2024/05/13 15:18:04 [notice] 1#1: signal 3 (SIGQUIT) received, shutting down
2024/05/13 15:18:04 [notice] 20#20: gracefully shutting down
2024/05/13 15:18:04 [notice] 30#30: gracefully shutting down
2024/05/13 15:18:04 [notice] 21#21: gracefully shutting down
2024/05/13 15:18:04 [notice] 22#22: gracefully shutting down
2024/05/13 15:18:04 [notice] 23#23: gracefully shutting down
2024/05/13 15:18:04 [notice] 25#25: gracefully shutting down
2024/05/13 15:18:04 [notice] 26#26: gracefully shutting down
2024/05/13 15:18:04 [notice] 27#27: gracefully shutting down
2024/05/13 15:18:04 [notice] 24#24: gracefully shutting down
2024/05/13 15:18:04 [notice] 28#28: gracefully shutting down
2024/05/13 15:18:04 [notice] 29#29: gracefully shutting down
2024/05/13 15:18:04 [notice] 31#31: gracefully shutting down
2024/05/13 15:18:04 [notice] 20#20: exiting
2024/05/13 15:18:04 [notice] 30#30: exiting
2024/05/13 15:18:04 [notice] 21#21: exiting
2024/05/13 15:18:04 [notice] 22#22: exiting
2024/05/13 15:18:04 [notice] 23#23: exiting
2024/05/13 15:18:04 [notice] 25#25: exiting
2024/05/13 15:18:04 [notice] 26#26: exiting
2024/05/13 15:18:04 [notice] 27#27: exiting
2024/05/13 15:18:04 [notice] 24#24: exiting
2024/05/13 15:18:04 [notice] 28#28: exiting
2024/05/13 15:18:04 [notice] 29#29: exiting
2024/05/13 15:18:04 [notice] 31#31: exiting
2024/05/13 15:18:04 [notice] 20#20: exit
2024/05/13 15:18:04 [notice] 30#30: exit
2024/05/13 15:18:04 [notice] 21#21: exit
2024/05/13 15:18:04 [notice] 22#22: exit
2024/05/13 15:18:04 [notice] 23#23: exit
2024/05/13 15:18:04 [notice] 25#25: exit
2024/05/13 15:18:04 [notice] 26#26: exit
2024/05/13 15:18:04 [notice] 27#27: exit
2024/05/13 15:18:04 [notice] 24#24: exit
2024/05/13 15:18:04 [notice] 28#28: exit
2024/05/13 15:18:04 [notice] 29#29: exit
2024/05/13 15:18:04 [notice] 31#31: exit
2024/05/13 15:18:04 [notice] 1#1: signal 17 (SIGCHLD) received from 31
2024/05/13 15:18:04 [notice] 1#1: worker process 20 exited with code 0
2024/05/13 15:18:04 [notice] 1#1: worker process 23 exited with code 0
2024/05/13 15:18:04 [notice] 1#1: worker process 24 exited with code 0
2024/05/13 15:18:04 [notice] 1#1: worker process 25 exited with code 0
2024/05/13 15:18:04 [notice] 1#1: worker process 26 exited with code 0
2024/05/13 15:18:04 [notice] 1#1: worker process 31 exited with code 0
2024/05/13 15:18:04 [notice] 1#1: signal 29 (SIGIO) received
2024/05/13 15:18:04 [notice] 1#1: signal 17 (SIGCHLD) received from 28
2024/05/13 15:18:04 [notice] 1#1: worker process 28 exited with code 0
2024/05/13 15:18:04 [notice] 1#1: worker process 22 exited with code 0
2024/05/13 15:18:04 [notice] 1#1: worker process 29 exited with code 0
2024/05/13 15:18:04 [notice] 1#1: worker process 30 exited with code 0
2024/05/13 15:18:04 [notice] 1#1: signal 29 (SIGIO) received
2024/05/13 15:18:04 [notice] 1#1: signal 17 (SIGCHLD) received from 22
2024/05/13 15:18:04 [notice] 1#1: signal 17 (SIGCHLD) received from 21
2024/05/13 15:18:04 [notice] 1#1: worker process 21 exited with code 0
2024/05/13 15:18:04 [notice] 1#1: worker process 27 exited with code 0
2024/05/13 15:18:04 [notice] 1#1: exit
2024/05/13 15:18:26 [notice] 1#1: using the "epoll" event method
2024/05/13 15:18:26 [notice] 1#1: nginx/1.25.5
2024/05/13 15:18:26 [notice] 1#1: built by gcc 12.2.0 (Debian 12.2.0-14) 
2024/05/13 15:18:26 [notice] 1#1: OS: Linux 5.15.146.1-microsoft-standard-WSL2
2024/05/13 15:18:26 [notice] 1#1: getrlimit(RLIMIT_NOFILE): 1048576:1048576
2024/05/13 15:18:26 [notice] 1#1: start worker processes
2024/05/13 15:18:26 [notice] 1#1: start worker process 21
2024/05/13 15:18:26 [notice] 1#1: start worker process 22
2024/05/13 15:18:26 [notice] 1#1: start worker process 23
2024/05/13 15:18:26 [notice] 1#1: start worker process 24
2024/05/13 15:18:26 [notice] 1#1: start worker process 25
2024/05/13 15:18:26 [notice] 1#1: start worker process 26
2024/05/13 15:18:26 [notice] 1#1: start worker process 27
2024/05/13 15:18:26 [notice] 1#1: start worker process 28
2024/05/13 15:18:26 [notice] 1#1: start worker process 29
2024/05/13 15:18:26 [notice] 1#1: start worker process 30
2024/05/13 15:18:26 [notice] 1#1: start worker process 31
2024/05/13 15:18:26 [notice] 1#1: start worker process 32
2024/05/14 06:34:10 [notice] 1#1: using the "epoll" event method
2024/05/14 06:34:10 [notice] 1#1: nginx/1.25.5
2024/05/14 06:34:10 [notice] 1#1: built by gcc 12.2.0 (Debian 12.2.0-14) 
2024/05/14 06:34:10 [notice] 1#1: OS: Linux 5.15.146.1-microsoft-standard-WSL2
2024/05/14 06:34:10 [notice] 1#1: getrlimit(RLIMIT_NOFILE): 1048576:1048576
2024/05/14 06:34:10 [notice] 1#1: start worker processes
2024/05/14 06:34:10 [notice] 1#1: start worker process 20
2024/05/14 06:34:10 [notice] 1#1: start worker process 21
2024/05/14 06:34:10 [notice] 1#1: start worker process 22
2024/05/14 06:34:10 [notice] 1#1: start worker process 23
2024/05/14 06:34:10 [notice] 1#1: start worker process 24
2024/05/14 06:34:10 [notice] 1#1: start worker process 25
2024/05/14 06:34:10 [notice] 1#1: start worker process 26
2024/05/14 06:34:10 [notice] 1#1: start worker process 27
2024/05/14 06:34:10 [notice] 1#1: start worker process 28
2024/05/14 06:34:10 [notice] 1#1: start worker process 29
2024/05/14 06:34:10 [notice] 1#1: start worker process 30
2024/05/14 06:34:10 [notice] 1#1: start worker process 31
2024/05/14 06:57:19 [error] 22#22: *7 open() "/var/www/analityc.dev/favicon.ico" failed (2: No such file or directory), client: 172.18.0.1, server: analityc.dev, request: "GET /favicon.ico HTTP/1.1", host: "127.0.0.1", referrer: "http://127.0.0.1/migration/migration.php"
2024/05/14 08:11:11 [error] 29#29: *28 open() "/var/www/analityc.dev/favicon.ico" failed (2: No such file or directory), client: 172.18.0.1, server: analityc.dev, request: "GET /favicon.ico HTTP/1.1", host: "127.0.0.1", referrer: "http://127.0.0.1/"
2024/05/14 08:27:36 [notice] 1#1: signal 3 (SIGQUIT) received, shutting down
2024/05/14 08:27:36 [notice] 20#20: gracefully shutting down
2024/05/14 08:27:36 [notice] 21#21: gracefully shutting down
2024/05/14 08:27:36 [notice] 22#22: gracefully shutting down
2024/05/14 08:27:36 [notice] 23#23: gracefully shutting down
2024/05/14 08:27:36 [notice] 24#24: gracefully shutting down
2024/05/14 08:27:36 [notice] 25#25: gracefully shutting down
2024/05/14 08:27:36 [notice] 26#26: gracefully shutting down
2024/05/14 08:27:36 [notice] 27#27: gracefully shutting down
2024/05/14 08:27:36 [notice] 28#28: gracefully shutting down
2024/05/14 08:27:36 [notice] 29#29: gracefully shutting down
2024/05/14 08:27:36 [notice] 30#30: gracefully shutting down
2024/05/14 08:27:36 [notice] 31#31: gracefully shutting down
2024/05/14 08:27:36 [notice] 20#20: exiting
2024/05/14 08:27:36 [notice] 21#21: exiting
2024/05/14 08:27:36 [notice] 22#22: exiting
2024/05/14 08:27:36 [notice] 23#23: exiting
2024/05/14 08:27:36 [notice] 24#24: exiting
2024/05/14 08:27:36 [notice] 25#25: exiting
2024/05/14 08:27:36 [notice] 26#26: exiting
2024/05/14 08:27:36 [notice] 27#27: exiting
2024/05/14 08:27:36 [notice] 28#28: exiting
2024/05/14 08:27:36 [notice] 29#29: exiting
2024/05/14 08:27:36 [notice] 30#30: exiting
2024/05/14 08:27:36 [notice] 31#31: exiting
2024/05/14 08:27:36 [notice] 20#20: exit
2024/05/14 08:27:36 [notice] 21#21: exit
2024/05/14 08:27:36 [notice] 22#22: exit
2024/05/14 08:27:36 [notice] 23#23: exit
2024/05/14 08:27:36 [notice] 24#24: exit
2024/05/14 08:27:36 [notice] 25#25: exit
2024/05/14 08:27:36 [notice] 26#26: exit
2024/05/14 08:27:36 [notice] 27#27: exit
2024/05/14 08:27:36 [notice] 28#28: exit
2024/05/14 08:27:36 [notice] 29#29: exit
2024/05/14 08:27:36 [notice] 30#30: exit
2024/05/14 08:27:36 [notice] 31#31: exit
2024/05/14 08:27:36 [notice] 1#1: signal 17 (SIGCHLD) received from 25
2024/05/14 08:27:36 [notice] 1#1: worker process 20 exited with code 0
2024/05/14 08:27:36 [notice] 1#1: worker process 23 exited with code 0
2024/05/14 08:27:36 [notice] 1#1: worker process 25 exited with code 0
2024/05/14 08:27:36 [notice] 1#1: worker process 30 exited with code 0
2024/05/14 08:27:36 [notice] 1#1: worker process 31 exited with code 0
2024/05/14 08:27:36 [notice] 1#1: signal 29 (SIGIO) received
2024/05/14 08:27:36 [notice] 1#1: signal 17 (SIGCHLD) received from 30
2024/05/14 08:27:36 [notice] 1#1: signal 17 (SIGCHLD) received from 21
2024/05/14 08:27:36 [notice] 1#1: worker process 21 exited with code 0
2024/05/14 08:27:36 [notice] 1#1: worker process 22 exited with code 0
2024/05/14 08:27:36 [notice] 1#1: worker process 26 exited with code 0
2024/05/14 08:27:36 [notice] 1#1: worker process 27 exited with code 0
2024/05/14 08:27:36 [notice] 1#1: signal 29 (SIGIO) received
2024/05/14 08:27:36 [notice] 1#1: signal 17 (SIGCHLD) received from 22
2024/05/14 08:27:36 [notice] 1#1: signal 17 (SIGCHLD) received from 24
2024/05/14 08:27:36 [notice] 1#1: worker process 24 exited with code 0
2024/05/14 08:27:36 [notice] 1#1: worker process 28 exited with code 0
2024/05/14 08:27:36 [notice] 1#1: signal 29 (SIGIO) received
2024/05/14 08:27:36 [notice] 1#1: signal 17 (SIGCHLD) received from 29
2024/05/14 08:27:36 [notice] 1#1: worker process 29 exited with code 0
2024/05/14 08:27:36 [notice] 1#1: exit
2024/05/14 08:27:43 [notice] 1#1: using the "epoll" event method
2024/05/14 08:27:43 [notice] 1#1: nginx/1.25.5
2024/05/14 08:27:43 [notice] 1#1: built by gcc 12.2.0 (Debian 12.2.0-14) 
2024/05/14 08:27:43 [notice] 1#1: OS: Linux 5.15.146.1-microsoft-standard-WSL2
2024/05/14 08:27:43 [notice] 1#1: getrlimit(RLIMIT_NOFILE): 1048576:1048576
2024/05/14 08:27:43 [notice] 1#1: start worker processes
2024/05/14 08:27:43 [notice] 1#1: start worker process 20
2024/05/14 08:27:43 [notice] 1#1: start worker process 21
2024/05/14 08:27:43 [notice] 1#1: start worker process 22
2024/05/14 08:27:43 [notice] 1#1: start worker process 23
2024/05/14 08:27:43 [notice] 1#1: start worker process 24
2024/05/14 08:27:43 [notice] 1#1: start worker process 25
2024/05/14 08:27:43 [notice] 1#1: start worker process 26
2024/05/14 08:27:43 [notice] 1#1: start worker process 27
2024/05/14 08:27:43 [notice] 1#1: start worker process 28
2024/05/14 08:27:43 [notice] 1#1: start worker process 29
2024/05/14 08:27:43 [notice] 1#1: start worker process 30
2024/05/14 08:27:43 [notice] 1#1: start worker process 31
2024/05/14 08:28:21 [notice] 1#1: signal 3 (SIGQUIT) received, shutting down
2024/05/14 08:28:21 [notice] 20#20: gracefully shutting down
2024/05/14 08:28:21 [notice] 29#29: gracefully shutting down
2024/05/14 08:28:21 [notice] 21#21: gracefully shutting down
2024/05/14 08:28:21 [notice] 23#23: gracefully shutting down
2024/05/14 08:28:21 [notice] 22#22: gracefully shutting down
2024/05/14 08:28:21 [notice] 24#24: gracefully shutting down
2024/05/14 08:28:21 [notice] 25#25: gracefully shutting down
2024/05/14 08:28:21 [notice] 26#26: gracefully shutting down
2024/05/14 08:28:21 [notice] 28#28: gracefully shutting down
2024/05/14 08:28:21 [notice] 27#27: gracefully shutting down
2024/05/14 08:28:21 [notice] 30#30: gracefully shutting down
2024/05/14 08:28:21 [notice] 31#31: gracefully shutting down
2024/05/14 08:28:21 [notice] 20#20: exiting
2024/05/14 08:28:21 [notice] 29#29: exiting
2024/05/14 08:28:21 [notice] 21#21: exiting
2024/05/14 08:28:21 [notice] 23#23: exiting
2024/05/14 08:28:21 [notice] 22#22: exiting
2024/05/14 08:28:21 [notice] 24#24: exiting
2024/05/14 08:28:21 [notice] 25#25: exiting
2024/05/14 08:28:21 [notice] 26#26: exiting
2024/05/14 08:28:21 [notice] 28#28: exiting
2024/05/14 08:28:21 [notice] 27#27: exiting
2024/05/14 08:28:21 [notice] 30#30: exiting
2024/05/14 08:28:21 [notice] 31#31: exiting
2024/05/14 08:28:21 [notice] 20#20: exit
2024/05/14 08:28:21 [notice] 31#31: exit
2024/05/14 08:28:21 [notice] 29#29: exit
2024/05/14 08:28:21 [notice] 21#21: exit
2024/05/14 08:28:21 [notice] 23#23: exit
2024/05/14 08:28:21 [notice] 22#22: exit
2024/05/14 08:28:21 [notice] 24#24: exit
2024/05/14 08:28:21 [notice] 25#25: exit
2024/05/14 08:28:21 [notice] 26#26: exit
2024/05/14 08:28:21 [notice] 28#28: exit
2024/05/14 08:28:21 [notice] 27#27: exit
2024/05/14 08:28:21 [notice] 30#30: exit
2024/05/14 08:28:22 [notice] 1#1: signal 17 (SIGCHLD) received from 22
2024/05/14 08:28:22 [notice] 1#1: worker process 22 exited with code 0
2024/05/14 08:28:22 [notice] 1#1: signal 29 (SIGIO) received
2024/05/14 08:28:22 [notice] 1#1: signal 17 (SIGCHLD) received from 24
2024/05/14 08:28:22 [notice] 1#1: worker process 23 exited with code 0
2024/05/14 08:28:22 [notice] 1#1: worker process 24 exited with code 0
2024/05/14 08:28:22 [notice] 1#1: worker process 27 exited with code 0
2024/05/14 08:28:22 [notice] 1#1: worker process 29 exited with code 0
2024/05/14 08:28:22 [notice] 1#1: signal 29 (SIGIO) received
2024/05/14 08:28:22 [notice] 1#1: signal 17 (SIGCHLD) received from 29
2024/05/14 08:28:22 [notice] 1#1: signal 17 (SIGCHLD) received from 21
2024/05/14 08:28:22 [notice] 1#1: worker process 20 exited with code 0
2024/05/14 08:28:22 [notice] 1#1: worker process 21 exited with code 0
2024/05/14 08:28:22 [notice] 1#1: worker process 26 exited with code 0
2024/05/14 08:28:22 [notice] 1#1: worker process 28 exited with code 0
2024/05/14 08:28:22 [notice] 1#1: worker process 30 exited with code 0
2024/05/14 08:28:22 [notice] 1#1: signal 29 (SIGIO) received
2024/05/14 08:28:22 [notice] 1#1: signal 17 (SIGCHLD) received from 31
2024/05/14 08:28:22 [notice] 1#1: worker process 25 exited with code 0
2024/05/14 08:28:22 [notice] 1#1: worker process 31 exited with code 0
2024/05/14 08:28:22 [notice] 1#1: exit
2024/05/14 08:28:28 [notice] 1#1: using the "epoll" event method
2024/05/14 08:28:28 [notice] 1#1: nginx/1.25.5
2024/05/14 08:28:28 [notice] 1#1: built by gcc 12.2.0 (Debian 12.2.0-14) 
2024/05/14 08:28:28 [notice] 1#1: OS: Linux 5.15.146.1-microsoft-standard-WSL2
2024/05/14 08:28:28 [notice] 1#1: getrlimit(RLIMIT_NOFILE): 1048576:1048576
2024/05/14 08:28:28 [notice] 1#1: start worker processes
2024/05/14 08:28:28 [notice] 1#1: start worker process 20
2024/05/14 08:28:28 [notice] 1#1: start worker process 21
2024/05/14 08:28:28 [notice] 1#1: start worker process 22
2024/05/14 08:28:28 [notice] 1#1: start worker process 23
2024/05/14 08:28:28 [notice] 1#1: start worker process 24
2024/05/14 08:28:28 [notice] 1#1: start worker process 25
2024/05/14 08:28:28 [notice] 1#1: start worker process 26
2024/05/14 08:28:28 [notice] 1#1: start worker process 27
2024/05/14 08:28:28 [notice] 1#1: start worker process 28
2024/05/14 08:28:28 [notice] 1#1: start worker process 29
2024/05/14 08:28:28 [notice] 1#1: start worker process 30
2024/05/14 08:28:28 [notice] 1#1: start worker process 31
2024/05/14 08:28:53 [notice] 1#1: signal 3 (SIGQUIT) received, shutting down
2024/05/14 08:28:53 [notice] 20#20: gracefully shutting down
2024/05/14 08:28:53 [notice] 22#22: gracefully shutting down
2024/05/14 08:28:53 [notice] 21#21: gracefully shutting down
2024/05/14 08:28:53 [notice] 23#23: gracefully shutting down
2024/05/14 08:28:53 [notice] 24#24: gracefully shutting down
2024/05/14 08:28:53 [notice] 25#25: gracefully shutting down
2024/05/14 08:28:53 [notice] 31#31: gracefully shutting down
2024/05/14 08:28:53 [notice] 28#28: gracefully shutting down
2024/05/14 08:28:53 [notice] 27#27: gracefully shutting down
2024/05/14 08:28:53 [notice] 29#29: gracefully shutting down
2024/05/14 08:28:53 [notice] 26#26: gracefully shutting down
2024/05/14 08:28:53 [notice] 30#30: gracefully shutting down
2024/05/14 08:28:53 [notice] 20#20: exiting
2024/05/14 08:28:53 [notice] 22#22: exiting
2024/05/14 08:28:53 [notice] 21#21: exiting
2024/05/14 08:28:53 [notice] 23#23: exiting
2024/05/14 08:28:53 [notice] 24#24: exiting
2024/05/14 08:28:53 [notice] 25#25: exiting
2024/05/14 08:28:53 [notice] 31#31: exiting
2024/05/14 08:28:53 [notice] 28#28: exiting
2024/05/14 08:28:53 [notice] 27#27: exiting
2024/05/14 08:28:53 [notice] 29#29: exiting
2024/05/14 08:28:53 [notice] 26#26: exiting
2024/05/14 08:28:53 [notice] 30#30: exiting
2024/05/14 08:28:53 [notice] 20#20: exit
2024/05/14 08:28:53 [notice] 22#22: exit
2024/05/14 08:28:53 [notice] 21#21: exit
2024/05/14 08:28:53 [notice] 23#23: exit
2024/05/14 08:28:53 [notice] 24#24: exit
2024/05/14 08:28:53 [notice] 25#25: exit
2024/05/14 08:28:53 [notice] 31#31: exit
2024/05/14 08:28:53 [notice] 28#28: exit
2024/05/14 08:28:53 [notice] 27#27: exit
2024/05/14 08:28:53 [notice] 29#29: exit
2024/05/14 08:28:53 [notice] 26#26: exit
2024/05/14 08:28:53 [notice] 30#30: exit
2024/05/14 08:28:53 [notice] 1#1: signal 17 (SIGCHLD) received from 24
2024/05/14 08:28:53 [notice] 1#1: worker process 24 exited with code 0
2024/05/14 08:28:53 [notice] 1#1: signal 29 (SIGIO) received
2024/05/14 08:28:53 [notice] 1#1: signal 17 (SIGCHLD) received from 26
2024/05/14 08:28:53 [notice] 1#1: worker process 21 exited with code 0
2024/05/14 08:28:53 [notice] 1#1: worker process 26 exited with code 0
2024/05/14 08:28:53 [notice] 1#1: worker process 27 exited with code 0
2024/05/14 08:28:53 [notice] 1#1: worker process 28 exited with code 0
2024/05/14 08:28:53 [notice] 1#1: worker process 30 exited with code 0
2024/05/14 08:28:53 [notice] 1#1: signal 29 (SIGIO) received
2024/05/14 08:28:53 [notice] 1#1: signal 17 (SIGCHLD) received from 27
2024/05/14 08:28:53 [notice] 1#1: signal 17 (SIGCHLD) received from 22
2024/05/14 08:28:53 [notice] 1#1: worker process 20 exited with code 0
2024/05/14 08:28:53 [notice] 1#1: worker process 22 exited with code 0
2024/05/14 08:28:53 [notice] 1#1: worker process 23 exited with code 0
2024/05/14 08:28:53 [notice] 1#1: worker process 25 exited with code 0
2024/05/14 08:28:53 [notice] 1#1: worker process 29 exited with code 0
2024/05/14 08:28:53 [notice] 1#1: worker process 31 exited with code 0
2024/05/14 08:28:53 [notice] 1#1: exit
2024/05/14 08:29:26 [notice] 1#1: using the "epoll" event method
2024/05/14 08:29:26 [notice] 1#1: nginx/1.25.5
2024/05/14 08:29:26 [notice] 1#1: built by gcc 12.2.0 (Debian 12.2.0-14) 
2024/05/14 08:29:26 [notice] 1#1: OS: Linux 5.15.146.1-microsoft-standard-WSL2
2024/05/14 08:29:26 [notice] 1#1: getrlimit(RLIMIT_NOFILE): 1048576:1048576
2024/05/14 08:29:26 [notice] 1#1: start worker processes
2024/05/14 08:29:26 [notice] 1#1: start worker process 20
2024/05/14 08:29:26 [notice] 1#1: start worker process 21
2024/05/14 08:29:26 [notice] 1#1: start worker process 22
2024/05/14 08:29:26 [notice] 1#1: start worker process 23
2024/05/14 08:29:26 [notice] 1#1: start worker process 24
2024/05/14 08:29:26 [notice] 1#1: start worker process 25
2024/05/14 08:29:26 [notice] 1#1: start worker process 26
2024/05/14 08:29:26 [notice] 1#1: start worker process 27
2024/05/14 08:29:26 [notice] 1#1: start worker process 28
2024/05/14 08:29:26 [notice] 1#1: start worker process 29
2024/05/14 08:29:26 [notice] 1#1: start worker process 30
2024/05/14 08:29:26 [notice] 1#1: start worker process 31
2024/05/14 10:56:14 [notice] 1#1: signal 3 (SIGQUIT) received, shutting down
2024/05/14 10:56:14 [notice] 20#20: gracefully shutting down
2024/05/14 10:56:14 [notice] 30#30: gracefully shutting down
2024/05/14 10:56:14 [notice] 21#21: gracefully shutting down
2024/05/14 10:56:14 [notice] 22#22: gracefully shutting down
2024/05/14 10:56:14 [notice] 23#23: gracefully shutting down
2024/05/14 10:56:14 [notice] 24#24: gracefully shutting down
2024/05/14 10:56:14 [notice] 25#25: gracefully shutting down
2024/05/14 10:56:14 [notice] 26#26: gracefully shutting down
2024/05/14 10:56:14 [notice] 27#27: gracefully shutting down
2024/05/14 10:56:14 [notice] 28#28: gracefully shutting down
2024/05/14 10:56:14 [notice] 29#29: gracefully shutting down
2024/05/14 10:56:14 [notice] 31#31: gracefully shutting down
2024/05/14 10:56:14 [notice] 20#20: exiting
2024/05/14 10:56:14 [notice] 30#30: exiting
2024/05/14 10:56:14 [notice] 21#21: exiting
2024/05/14 10:56:14 [notice] 22#22: exiting
2024/05/14 10:56:14 [notice] 23#23: exiting
2024/05/14 10:56:14 [notice] 24#24: exiting
2024/05/14 10:56:14 [notice] 25#25: exiting
2024/05/14 10:56:14 [notice] 26#26: exiting
2024/05/14 10:56:14 [notice] 27#27: exiting
2024/05/14 10:56:14 [notice] 28#28: exiting
2024/05/14 10:56:14 [notice] 29#29: exiting
2024/05/14 10:56:14 [notice] 31#31: exiting
2024/05/14 10:56:14 [notice] 20#20: exit
2024/05/14 10:56:14 [notice] 31#31: exit
2024/05/14 10:56:14 [notice] 30#30: exit
2024/05/14 10:56:14 [notice] 21#21: exit
2024/05/14 10:56:14 [notice] 22#22: exit
2024/05/14 10:56:14 [notice] 23#23: exit
2024/05/14 10:56:14 [notice] 24#24: exit
2024/05/14 10:56:14 [notice] 25#25: exit
2024/05/14 10:56:14 [notice] 26#26: exit
2024/05/14 10:56:14 [notice] 27#27: exit
2024/05/14 10:56:14 [notice] 28#28: exit
2024/05/14 10:56:14 [notice] 29#29: exit
2024/05/14 10:56:14 [notice] 1#1: signal 17 (SIGCHLD) received from 27
2024/05/14 10:56:14 [notice] 1#1: worker process 27 exited with code 0
2024/05/14 10:56:14 [notice] 1#1: worker process 31 exited with code 0
2024/05/14 10:56:14 [notice] 1#1: signal 29 (SIGIO) received
2024/05/14 10:56:15 [notice] 1#1: signal 17 (SIGCHLD) received from 26
2024/05/14 10:56:15 [notice] 1#1: worker process 20 exited with code 0
2024/05/14 10:56:15 [notice] 1#1: worker process 21 exited with code 0
2024/05/14 10:56:15 [notice] 1#1: worker process 22 exited with code 0
2024/05/14 10:56:15 [notice] 1#1: worker process 23 exited with code 0
2024/05/14 10:56:15 [notice] 1#1: worker process 24 exited with code 0
2024/05/14 10:56:15 [notice] 1#1: worker process 26 exited with code 0
2024/05/14 10:56:15 [notice] 1#1: worker process 29 exited with code 0
2024/05/14 10:56:15 [notice] 1#1: signal 29 (SIGIO) received
2024/05/14 10:56:15 [notice] 1#1: signal 17 (SIGCHLD) received from 21
2024/05/14 10:56:15 [notice] 1#1: signal 17 (SIGCHLD) received from 28
2024/05/14 10:56:15 [notice] 1#1: worker process 25 exited with code 0
2024/05/14 10:56:15 [notice] 1#1: worker process 28 exited with code 0
2024/05/14 10:56:15 [notice] 1#1: signal 29 (SIGIO) received
2024/05/14 10:56:15 [notice] 1#1: signal 17 (SIGCHLD) received from 25
2024/05/14 10:56:15 [notice] 1#1: signal 17 (SIGCHLD) received from 30
2024/05/14 10:56:15 [notice] 1#1: worker process 30 exited with code 0
2024/05/14 10:56:15 [notice] 1#1: exit
2024/05/14 13:42:40 [notice] 1#1: using the "epoll" event method
2024/05/14 13:42:40 [notice] 1#1: nginx/1.25.5
2024/05/14 13:42:40 [notice] 1#1: built by gcc 12.2.0 (Debian 12.2.0-14) 
2024/05/14 13:42:40 [notice] 1#1: OS: Linux 5.15.146.1-microsoft-standard-WSL2
2024/05/14 13:42:40 [notice] 1#1: getrlimit(RLIMIT_NOFILE): 1048576:1048576
2024/05/14 13:42:40 [notice] 1#1: start worker processes
2024/05/14 13:42:40 [notice] 1#1: start worker process 20
2024/05/14 13:42:40 [notice] 1#1: start worker process 21
2024/05/14 13:42:40 [notice] 1#1: start worker process 22
2024/05/14 13:42:40 [notice] 1#1: start worker process 23
2024/05/14 13:42:40 [notice] 1#1: start worker process 24
2024/05/14 13:42:40 [notice] 1#1: start worker process 25
2024/05/14 13:42:40 [notice] 1#1: start worker process 26
2024/05/14 13:42:40 [notice] 1#1: start worker process 27
2024/05/14 13:42:40 [notice] 1#1: start worker process 28
2024/05/14 13:42:40 [notice] 1#1: start worker process 29
2024/05/14 13:42:40 [notice] 1#1: start worker process 30
2024/05/14 13:42:40 [notice] 1#1: start worker process 31
2024/05/14 13:42:46 [error] 20#20: *1 open() "/var/www/analityc.dev/favicon.ico" failed (2: No such file or directory), client: 172.18.0.1, server: analityc.dev, request: "GET /favicon.ico HTTP/1.1", host: "127.0.0.1", referrer: "http://127.0.0.1/"
2024/05/14 13:43:13 [error] 20#20: *1 open() "/var/www/analityc.dev/favicon.ico" failed (2: No such file or directory), client: 172.18.0.1, server: analityc.dev, request: "GET /favicon.ico HTTP/1.1", host: "127.0.0.1", referrer: "http://127.0.0.1/"
2024/05/14 13:44:44 [error] 21#21: *4 connect() failed (113: No route to host) while connecting to upstream, client: 172.18.0.1, server: analityc.dev, request: "GET / HTTP/1.1", upstream: "fastcgi://172.18.0.4:9000", host: "127.0.0.1"
2024/05/14 15:12:35 [error] 22#22: *6 open() "/var/www/analityc.dev/favicon.ico" failed (2: No such file or directory), client: 172.18.0.1, server: analityc.dev, request: "GET /favicon.ico HTTP/1.1", host: "127.0.0.1", referrer: "http://127.0.0.1/"
2024/05/14 16:12:06 [notice] 1#1: signal 3 (SIGQUIT) received, shutting down
2024/05/14 16:12:06 [notice] 20#20: gracefully shutting down
2024/05/14 16:12:06 [notice] 21#21: gracefully shutting down
2024/05/14 16:12:06 [notice] 22#22: gracefully shutting down
2024/05/14 16:12:06 [notice] 23#23: gracefully shutting down
2024/05/14 16:12:06 [notice] 24#24: gracefully shutting down
2024/05/14 16:12:06 [notice] 26#26: gracefully shutting down
2024/05/14 16:12:06 [notice] 25#25: gracefully shutting down
2024/05/14 16:12:06 [notice] 27#27: gracefully shutting down
2024/05/14 16:12:06 [notice] 28#28: gracefully shutting down
2024/05/14 16:12:06 [notice] 29#29: gracefully shutting down
2024/05/14 16:12:06 [notice] 30#30: gracefully shutting down
2024/05/14 16:12:06 [notice] 31#31: gracefully shutting down
2024/05/14 16:12:06 [notice] 20#20: exiting
2024/05/14 16:12:06 [notice] 21#21: exiting
2024/05/14 16:12:06 [notice] 22#22: exiting
2024/05/14 16:12:06 [notice] 23#23: exiting
2024/05/14 16:12:06 [notice] 24#24: exiting
2024/05/14 16:12:06 [notice] 26#26: exiting
2024/05/14 16:12:06 [notice] 25#25: exiting
2024/05/14 16:12:06 [notice] 27#27: exiting
2024/05/14 16:12:06 [notice] 28#28: exiting
2024/05/14 16:12:06 [notice] 29#29: exiting
2024/05/14 16:12:06 [notice] 30#30: exiting
2024/05/14 16:12:06 [notice] 31#31: exiting
2024/05/14 16:12:06 [notice] 20#20: exit
2024/05/14 16:12:06 [notice] 21#21: exit
2024/05/14 16:12:06 [notice] 22#22: exit
2024/05/14 16:12:06 [notice] 23#23: exit
2024/05/14 16:12:06 [notice] 24#24: exit
2024/05/14 16:12:06 [notice] 26#26: exit
2024/05/14 16:12:06 [notice] 25#25: exit
2024/05/14 16:12:06 [notice] 27#27: exit
2024/05/14 16:12:06 [notice] 28#28: exit
2024/05/14 16:12:06 [notice] 29#29: exit
2024/05/14 16:12:06 [notice] 30#30: exit
2024/05/14 16:12:06 [notice] 31#31: exit
2024/05/14 16:12:06 [notice] 1#1: signal 17 (SIGCHLD) received from 24
2024/05/14 16:12:06 [notice] 1#1: worker process 22 exited with code 0
2024/05/14 16:12:06 [notice] 1#1: worker process 24 exited with code 0
2024/05/14 16:12:06 [notice] 1#1: worker process 26 exited with code 0
2024/05/14 16:12:06 [notice] 1#1: worker process 27 exited with code 0
2024/05/14 16:12:06 [notice] 1#1: worker process 31 exited with code 0
2024/05/14 16:12:06 [notice] 1#1: signal 29 (SIGIO) received
2024/05/14 16:12:06 [notice] 1#1: signal 17 (SIGCHLD) received from 27
2024/05/14 16:12:06 [notice] 1#1: signal 17 (SIGCHLD) received from 28
2024/05/14 16:12:06 [notice] 1#1: worker process 21 exited with code 0
2024/05/14 16:12:06 [notice] 1#1: worker process 28 exited with code 0
2024/05/14 16:12:06 [notice] 1#1: signal 29 (SIGIO) received
2024/05/14 16:12:06 [notice] 1#1: signal 17 (SIGCHLD) received from 21
2024/05/14 16:12:06 [notice] 1#1: signal 17 (SIGCHLD) received from 30
2024/05/14 16:12:06 [notice] 1#1: worker process 20 exited with code 0
2024/05/14 16:12:06 [notice] 1#1: worker process 25 exited with code 0
2024/05/14 16:12:06 [notice] 1#1: worker process 30 exited with code 0
2024/05/14 16:12:06 [notice] 1#1: signal 29 (SIGIO) received
2024/05/14 16:12:06 [notice] 1#1: signal 17 (SIGCHLD) received from 29
2024/05/14 16:12:06 [notice] 1#1: worker process 23 exited with code 0
2024/05/14 16:12:06 [notice] 1#1: worker process 29 exited with code 0
2024/05/14 16:12:06 [notice] 1#1: exit
2024/05/15 05:07:26 [notice] 1#1: using the "epoll" event method
2024/05/15 05:07:26 [notice] 1#1: nginx/1.25.5
2024/05/15 05:07:26 [notice] 1#1: built by gcc 12.2.0 (Debian 12.2.0-14) 
2024/05/15 05:07:26 [notice] 1#1: OS: Linux 5.15.146.1-microsoft-standard-WSL2
2024/05/15 05:07:26 [notice] 1#1: getrlimit(RLIMIT_NOFILE): 1048576:1048576
2024/05/15 05:07:26 [notice] 1#1: start worker processes
2024/05/15 05:07:26 [notice] 1#1: start worker process 20
2024/05/15 05:07:26 [notice] 1#1: start worker process 21
2024/05/15 05:07:26 [notice] 1#1: start worker process 22
2024/05/15 05:07:26 [notice] 1#1: start worker process 23
2024/05/15 05:07:26 [notice] 1#1: start worker process 24
2024/05/15 05:07:26 [notice] 1#1: start worker process 25
2024/05/15 05:07:26 [notice] 1#1: start worker process 26
2024/05/15 05:07:26 [notice] 1#1: start worker process 27
2024/05/15 05:07:26 [notice] 1#1: start worker process 28
2024/05/15 05:07:26 [notice] 1#1: start worker process 29
2024/05/15 05:07:26 [notice] 1#1: start worker process 30
2024/05/15 05:07:26 [notice] 1#1: start worker process 31
2024/05/15 05:07:40 [error] 21#21: *1 open() "/var/www/analityc.dev/favicon.ico" failed (2: No such file or directory), client: 172.18.0.1, server: analityc.dev, request: "GET /favicon.ico HTTP/1.1", host: "127.0.0.1", referrer: "http://127.0.0.1/"
2024/05/15 06:05:52 [error] 23#23: *10 open() "/var/www/analityc.dev/favicon.ico" failed (2: No such file or directory), client: 172.18.0.1, server: analityc.dev, request: "GET /favicon.ico HTTP/1.1", host: "127.0.0.1", referrer: "http://127.0.0.1/"
2024/05/15 06:06:10 [error] 24#24: *12 open() "/var/www/analityc.dev/favicon.ico" failed (2: No such file or directory), client: 172.18.0.1, server: analityc.dev, request: "GET /favicon.ico HTTP/1.1", host: "127.0.0.1", referrer: "http://127.0.0.1/"
2024/05/15 14:16:04 [notice] 1#1: signal 3 (SIGQUIT) received, shutting down
2024/05/15 14:16:04 [notice] 20#20: gracefully shutting down
2024/05/15 14:16:04 [notice] 21#21: gracefully shutting down
2024/05/15 14:16:04 [notice] 23#23: gracefully shutting down
2024/05/15 14:16:04 [notice] 22#22: gracefully shutting down
2024/05/15 14:16:04 [notice] 24#24: gracefully shutting down
2024/05/15 14:16:04 [notice] 25#25: gracefully shutting down
2024/05/15 14:16:04 [notice] 26#26: gracefully shutting down
2024/05/15 14:16:04 [notice] 27#27: gracefully shutting down
2024/05/15 14:16:04 [notice] 28#28: gracefully shutting down
2024/05/15 14:16:04 [notice] 28#28: exiting
2024/05/15 14:16:04 [notice] 29#29: gracefully shutting down
2024/05/15 14:16:04 [notice] 30#30: gracefully shutting down
2024/05/15 14:16:04 [notice] 31#31: gracefully shutting down
2024/05/15 14:16:04 [notice] 20#20: exiting
2024/05/15 14:16:04 [notice] 21#21: exiting
2024/05/15 14:16:04 [notice] 23#23: exiting
2024/05/15 14:16:04 [notice] 22#22: exiting
2024/05/15 14:16:04 [notice] 24#24: exiting
2024/05/15 14:16:04 [notice] 25#25: exiting
2024/05/15 14:16:04 [notice] 26#26: exiting
2024/05/15 14:16:04 [notice] 27#27: exiting
2024/05/15 14:16:04 [notice] 28#28: exit
2024/05/15 14:16:04 [notice] 29#29: exiting
2024/05/15 14:16:04 [notice] 30#30: exiting
2024/05/15 14:16:04 [notice] 31#31: exiting
2024/05/15 14:16:04 [notice] 20#20: exit
2024/05/15 14:16:04 [notice] 21#21: exit
2024/05/15 14:16:04 [notice] 23#23: exit
2024/05/15 14:16:04 [notice] 22#22: exit
2024/05/15 14:16:04 [notice] 24#24: exit
2024/05/15 14:16:04 [notice] 25#25: exit
2024/05/15 14:16:04 [notice] 26#26: exit
2024/05/15 14:16:04 [notice] 27#27: exit
2024/05/15 14:16:04 [notice] 29#29: exit
2024/05/15 14:16:04 [notice] 30#30: exit
2024/05/15 14:16:04 [notice] 31#31: exit
2024/05/15 14:16:04 [notice] 1#1: signal 17 (SIGCHLD) received from 20
2024/05/15 14:16:04 [notice] 1#1: worker process 20 exited with code 0
2024/05/15 14:16:04 [notice] 1#1: signal 29 (SIGIO) received
2024/05/15 14:16:04 [notice] 1#1: signal 17 (SIGCHLD) received from 22
2024/05/15 14:16:04 [notice] 1#1: worker process 22 exited with code 0
2024/05/15 14:16:04 [notice] 1#1: worker process 27 exited with code 0
2024/05/15 14:16:04 [notice] 1#1: worker process 29 exited with code 0
2024/05/15 14:16:04 [notice] 1#1: worker process 31 exited with code 0
2024/05/15 14:16:04 [notice] 1#1: signal 29 (SIGIO) received
2024/05/15 14:16:04 [notice] 1#1: signal 17 (SIGCHLD) received from 24
2024/05/15 14:16:04 [notice] 1#1: worker process 23 exited with code 0
2024/05/15 14:16:04 [notice] 1#1: worker process 24 exited with code 0
2024/05/15 14:16:04 [notice] 1#1: worker process 25 exited with code 0
2024/05/15 14:16:04 [notice] 1#1: worker process 28 exited with code 0
2024/05/15 14:16:04 [notice] 1#1: worker process 30 exited with code 0
2024/05/15 14:16:04 [notice] 1#1: signal 29 (SIGIO) received
2024/05/15 14:16:04 [notice] 1#1: signal 17 (SIGCHLD) received from 28
2024/05/15 14:16:04 [notice] 1#1: signal 17 (SIGCHLD) received from 26
2024/05/15 14:16:04 [notice] 1#1: worker process 21 exited with code 0
2024/05/15 14:16:04 [notice] 1#1: worker process 26 exited with code 0
2024/05/15 14:16:04 [notice] 1#1: exit
2024/05/16 05:17:23 [notice] 1#1: using the "epoll" event method
2024/05/16 05:17:23 [notice] 1#1: nginx/1.25.5
2024/05/16 05:17:23 [notice] 1#1: built by gcc 12.2.0 (Debian 12.2.0-14) 
2024/05/16 05:17:23 [notice] 1#1: OS: Linux 5.15.146.1-microsoft-standard-WSL2
2024/05/16 05:17:23 [notice] 1#1: getrlimit(RLIMIT_NOFILE): 1048576:1048576
2024/05/16 05:17:23 [notice] 1#1: start worker processes
2024/05/16 05:17:23 [notice] 1#1: start worker process 21
2024/05/16 05:17:23 [notice] 1#1: start worker process 22
2024/05/16 05:17:23 [notice] 1#1: start worker process 23
2024/05/16 05:17:23 [notice] 1#1: start worker process 24
2024/05/16 05:17:23 [notice] 1#1: start worker process 25
2024/05/16 05:17:23 [notice] 1#1: start worker process 26
2024/05/16 05:17:23 [notice] 1#1: start worker process 27
2024/05/16 05:17:23 [notice] 1#1: start worker process 28
2024/05/16 05:17:23 [notice] 1#1: start worker process 29
2024/05/16 05:17:23 [notice] 1#1: start worker process 30
2024/05/16 05:17:23 [notice] 1#1: start worker process 31
2024/05/16 05:17:23 [notice] 1#1: start worker process 32
2024/05/16 08:39:55 [error] 22#22: *2 open() "/var/www/analityc.dev/favicon.ico" failed (2: No such file or directory), client: 172.18.0.1, server: analityc.dev, request: "GET /favicon.ico HTTP/1.1", host: "127.0.0.1", referrer: "http://127.0.0.1/events.php"
2024/05/16 08:40:00 [error] 22#22: *2 open() "/var/www/analityc.dev/favicon.ico" failed (2: No such file or directory), client: 172.18.0.1, server: analityc.dev, request: "GET /favicon.ico HTTP/1.1", host: "127.0.0.1", referrer: "http://127.0.0.1/events.php"
2024/05/16 08:44:26 [error] 24#24: *6 open() "/var/www/analityc.dev/favicon.ico" failed (2: No such file or directory), client: 172.18.0.1, server: analityc.dev, request: "GET /favicon.ico HTTP/1.1", host: "127.0.0.1", referrer: "http://127.0.0.1/events.php"
2024/05/16 15:38:30 [notice] 1#1: signal 3 (SIGQUIT) received, shutting down
2024/05/16 15:38:30 [notice] 22#22: gracefully shutting down
2024/05/16 15:38:30 [notice] 25#25: gracefully shutting down
2024/05/16 15:38:30 [notice] 26#26: gracefully shutting down
2024/05/16 15:38:30 [notice] 27#27: gracefully shutting down
2024/05/16 15:38:30 [notice] 28#28: gracefully shutting down
2024/05/16 15:38:30 [notice] 29#29: gracefully shutting down
2024/05/16 15:38:30 [notice] 30#30: gracefully shutting down
2024/05/16 15:38:30 [notice] 21#21: gracefully shutting down
2024/05/16 15:38:30 [notice] 31#31: gracefully shutting down
2024/05/16 15:38:30 [notice] 32#32: gracefully shutting down
2024/05/16 15:38:30 [notice] 23#23: gracefully shutting down
2024/05/16 15:38:30 [notice] 24#24: gracefully shutting down
2024/05/16 15:38:30 [notice] 22#22: exiting
2024/05/16 15:38:30 [notice] 25#25: exiting
2024/05/16 15:38:30 [notice] 26#26: exiting
2024/05/16 15:38:30 [notice] 27#27: exiting
2024/05/16 15:38:30 [notice] 28#28: exiting
2024/05/16 15:38:30 [notice] 29#29: exiting
2024/05/16 15:38:30 [notice] 30#30: exiting
2024/05/16 15:38:30 [notice] 21#21: exiting
2024/05/16 15:38:30 [notice] 31#31: exiting
2024/05/16 15:38:30 [notice] 32#32: exiting
2024/05/16 15:38:30 [notice] 23#23: exiting
2024/05/16 15:38:30 [notice] 24#24: exiting
2024/05/16 15:38:30 [notice] 22#22: exit
2024/05/16 15:38:30 [notice] 25#25: exit
2024/05/16 15:38:30 [notice] 26#26: exit
2024/05/16 15:38:30 [notice] 27#27: exit
2024/05/16 15:38:30 [notice] 28#28: exit
2024/05/16 15:38:30 [notice] 29#29: exit
2024/05/16 15:38:30 [notice] 30#30: exit
2024/05/16 15:38:30 [notice] 21#21: exit
2024/05/16 15:38:30 [notice] 31#31: exit
2024/05/16 15:38:30 [notice] 32#32: exit
2024/05/16 15:38:30 [notice] 23#23: exit
2024/05/16 15:38:30 [notice] 24#24: exit
2024/05/16 15:38:30 [notice] 1#1: signal 17 (SIGCHLD) received from 30
2024/05/16 15:38:30 [notice] 1#1: worker process 23 exited with code 0
2024/05/16 15:38:30 [notice] 1#1: worker process 30 exited with code 0
2024/05/16 15:38:30 [notice] 1#1: signal 29 (SIGIO) received
2024/05/16 15:38:30 [notice] 1#1: signal 17 (SIGCHLD) received from 23
2024/05/16 15:38:30 [notice] 1#1: signal 17 (SIGCHLD) received from 27
2024/05/16 15:38:30 [notice] 1#1: worker process 21 exited with code 0
2024/05/16 15:38:30 [notice] 1#1: worker process 22 exited with code 0
2024/05/16 15:38:30 [notice] 1#1: worker process 25 exited with code 0
2024/05/16 15:38:30 [notice] 1#1: worker process 26 exited with code 0
2024/05/16 15:38:30 [notice] 1#1: worker process 27 exited with code 0
2024/05/16 15:38:30 [notice] 1#1: worker process 32 exited with code 0
2024/05/16 15:38:30 [notice] 1#1: signal 29 (SIGIO) received
2024/05/16 15:38:30 [notice] 1#1: signal 17 (SIGCHLD) received from 26
2024/05/16 15:38:30 [notice] 1#1: signal 17 (SIGCHLD) received from 31
2024/05/16 15:38:30 [notice] 1#1: worker process 31 exited with code 0
2024/05/16 15:38:30 [notice] 1#1: signal 29 (SIGIO) received
2024/05/16 15:38:30 [notice] 1#1: signal 17 (SIGCHLD) received from 28
2024/05/16 15:38:30 [notice] 1#1: worker process 24 exited with code 0
2024/05/16 15:38:30 [notice] 1#1: worker process 28 exited with code 0
2024/05/16 15:38:30 [notice] 1#1: signal 29 (SIGIO) received
2024/05/16 15:38:30 [notice] 1#1: signal 17 (SIGCHLD) received from 24
2024/05/16 15:38:30 [notice] 1#1: signal 17 (SIGCHLD) received from 29
2024/05/16 15:38:30 [notice] 1#1: worker process 29 exited with code 0
2024/05/16 15:38:30 [notice] 1#1: exit
2024/06/14 09:20:38 [notice] 1#1: using the "epoll" event method
2024/06/14 09:20:38 [notice] 1#1: nginx/1.27.0
2024/06/14 09:20:38 [notice] 1#1: built by gcc 12.2.0 (Debian 12.2.0-14) 
2024/06/14 09:20:38 [notice] 1#1: OS: Linux 5.15.153.1-microsoft-standard-WSL2
2024/06/14 09:20:38 [notice] 1#1: getrlimit(RLIMIT_NOFILE): 1048576:1048576
2024/06/14 09:20:38 [notice] 1#1: start worker processes
2024/06/14 09:20:38 [notice] 1#1: start worker process 19
2024/06/14 09:20:38 [notice] 1#1: start worker process 20
2024/06/14 09:20:38 [notice] 1#1: start worker process 21
2024/06/14 09:20:38 [notice] 1#1: start worker process 22
2024/06/14 09:28:41 [error] 20#20: *3 directory index of "/var/www/analityc.dev/migration/" is forbidden, client: 172.18.0.1, server: analityc.dev, request: "GET /migration/ HTTP/1.1", host: "localhost"
2024/06/14 09:28:42 [error] 20#20: *3 open() "/var/www/analityc.dev/favicon.ico" failed (2: No such file or directory), client: 172.18.0.1, server: analityc.dev, request: "GET /favicon.ico HTTP/1.1", host: "localhost", referrer: "http://localhost/migration/"
2024/06/14 11:37:21 [error] 20#20: *68 open() "/var/www/analityc.dev/favicon.ico" failed (2: No such file or directory), client: 172.18.0.1, server: analityc.dev, request: "GET /favicon.ico HTTP/1.1", host: "localhost", referrer: "http://localhost/migration/migration.php"
2024/06/14 12:14:03 [error] 20#20: *88 open() "/var/www/analityc.dev/favicon.ico" failed (2: No such file or directory), client: 172.18.0.1, server: analityc.dev, request: "GET /favicon.ico HTTP/1.1", host: "localhost", referrer: "http://localhost/index.php"
2024/06/14 13:25:54 [error] 21#21: *112 open() "/var/www/analityc.dev/favicon.ico" failed (2: No such file or directory), client: 172.18.0.1, server: analityc.dev, request: "GET /favicon.ico HTTP/1.1", host: "localhost", referrer: "http://localhost/index.php"
2024/06/14 14:32:29 [error] 21#21: *161 open() "/var/www/analityc.dev/favicon.ico" failed (2: No such file or directory), client: 172.18.0.1, server: analityc.dev, request: "GET /favicon.ico HTTP/1.1", host: "localhost", referrer: "http://localhost/events.php"
2024/06/20 10:23:11 [error] 19#19: *384 upstream timed out (110: Connection timed out) while reading upstream, client: 172.18.0.1, server: analityc.dev, request: "GET / HTTP/1.1", upstream: "fastcgi://172.18.0.4:9000", host: "localhost"
2024/06/20 12:16:53 [error] 19#19: *398 upstream timed out (110: Connection timed out) while reading upstream, client: 172.18.0.1, server: analityc.dev, request: "GET / HTTP/1.1", upstream: "fastcgi://172.18.0.4:9000", host: "localhost"
2024/06/20 12:20:06 [error] 19#19: *402 upstream timed out (110: Connection timed out) while reading upstream, client: 172.18.0.1, server: analityc.dev, request: "GET / HTTP/1.1", upstream: "fastcgi://172.18.0.4:9000", host: "localhost"
2024/06/21 07:28:01 [notice] 1#1: using the "epoll" event method
2024/06/21 07:28:01 [notice] 1#1: nginx/1.27.0
2024/06/21 07:28:01 [notice] 1#1: built by gcc 12.2.0 (Debian 12.2.0-14) 
2024/06/21 07:28:01 [notice] 1#1: OS: Linux 5.15.153.1-microsoft-standard-WSL2
2024/06/21 07:28:01 [notice] 1#1: getrlimit(RLIMIT_NOFILE): 1048576:1048576
2024/06/21 07:28:01 [notice] 1#1: start worker processes
2024/06/21 07:28:01 [notice] 1#1: start worker process 20
2024/06/21 07:28:01 [notice] 1#1: start worker process 21
2024/06/21 07:28:01 [notice] 1#1: start worker process 22
2024/06/21 07:28:01 [notice] 1#1: start worker process 23
2024/06/21 07:28:31 [error] 20#20: *1 open() "/var/www/analityc.dev/favicon.ico" failed (2: No such file or directory), client: 172.18.0.1, server: analityc.dev, request: "GET /favicon.ico HTTP/1.1", host: "localhost", referrer: "http://localhost/"
2024/06/21 07:28:38 [notice] 1#1: signal 3 (SIGQUIT) received, shutting down
2024/06/21 07:28:38 [notice] 21#21: gracefully shutting down
2024/06/21 07:28:38 [notice] 21#21: exiting
2024/06/21 07:28:38 [notice] 22#22: gracefully shutting down
2024/06/21 07:28:38 [notice] 20#20: gracefully shutting down
2024/06/21 07:28:38 [notice] 23#23: gracefully shutting down
2024/06/21 07:28:38 [notice] 21#21: exit
2024/06/21 07:28:38 [notice] 22#22: exiting
2024/06/21 07:28:38 [notice] 22#22: exit
2024/06/21 07:28:38 [notice] 20#20: exiting
2024/06/21 07:28:38 [notice] 23#23: exiting
2024/06/21 07:28:38 [notice] 23#23: exit
2024/06/21 07:28:38 [notice] 20#20: exit
2024/06/21 07:28:38 [notice] 1#1: signal 17 (SIGCHLD) received from 22
2024/06/21 07:28:38 [notice] 1#1: worker process 21 exited with code 0
2024/06/21 07:28:38 [notice] 1#1: worker process 22 exited with code 0
2024/06/21 07:28:38 [notice] 1#1: signal 29 (SIGIO) received
2024/06/21 07:28:38 [notice] 1#1: signal 17 (SIGCHLD) received from 20
2024/06/21 07:28:38 [notice] 1#1: worker process 20 exited with code 0
2024/06/21 07:28:38 [notice] 1#1: signal 29 (SIGIO) received
2024/06/21 07:28:38 [notice] 1#1: signal 17 (SIGCHLD) received from 23
2024/06/21 07:28:38 [notice] 1#1: worker process 23 exited with code 0
2024/06/21 07:28:38 [notice] 1#1: exit
2024/06/21 07:39:50 [notice] 1#1: using the "epoll" event method
2024/06/21 07:39:50 [notice] 1#1: nginx/1.27.0
2024/06/21 07:39:50 [notice] 1#1: built by gcc 12.2.0 (Debian 12.2.0-14) 
2024/06/21 07:39:50 [notice] 1#1: OS: Linux 5.15.153.1-microsoft-standard-WSL2
2024/06/21 07:39:50 [notice] 1#1: getrlimit(RLIMIT_NOFILE): 1048576:1048576
2024/06/21 07:39:50 [notice] 1#1: start worker processes
2024/06/21 07:39:50 [notice] 1#1: start worker process 20
2024/06/21 07:39:50 [notice] 1#1: start worker process 21
2024/06/21 07:39:50 [notice] 1#1: start worker process 22
2024/06/21 07:39:50 [notice] 1#1: start worker process 23
2024/06/21 08:15:23 [error] 20#20: *1 open() "/var/www/analityc.dev/favicon.ico" failed (2: No such file or directory), client: 172.18.0.1, server: analityc.dev, request: "GET /favicon.ico HTTP/1.1", host: "localhost", referrer: "http://localhost/view.php"
2024/06/21 08:26:46 [error] 23#23: *13 open() "/var/www/analityc.dev/favicon.ico" failed (2: No such file or directory), client: 172.18.0.1, server: analityc.dev, request: "GET /favicon.ico HTTP/1.1", host: "localhost", referrer: "http://localhost/view.php"
2024/06/21 09:11:12 [error] 20#20: *29 open() "/var/www/analityc.dev/favicon.ico" failed (2: No such file or directory), client: 172.18.0.1, server: analityc.dev, request: "GET /favicon.ico HTTP/1.1", host: "localhost", referrer: "http://localhost/view.php"
2024/06/21 12:19:24 [notice] 1#1: signal 3 (SIGQUIT) received, shutting down
2024/06/21 12:19:24 [notice] 20#20: gracefully shutting down
2024/06/21 12:19:24 [notice] 21#21: gracefully shutting down
2024/06/21 12:19:24 [notice] 23#23: gracefully shutting down
2024/06/21 12:19:24 [notice] 22#22: gracefully shutting down
2024/06/21 12:19:24 [notice] 20#20: exiting
2024/06/21 12:19:24 [notice] 21#21: exiting
2024/06/21 12:19:24 [notice] 23#23: exiting
2024/06/21 12:19:24 [notice] 22#22: exiting
2024/06/21 12:19:24 [notice] 20#20: exit
2024/06/21 12:19:24 [notice] 21#21: exit
2024/06/21 12:19:24 [notice] 23#23: exit
2024/06/21 12:19:24 [notice] 22#22: exit
2024/06/21 12:19:25 [notice] 1#1: signal 17 (SIGCHLD) received from 20
2024/06/21 12:19:25 [notice] 1#1: worker process 20 exited with code 0
2024/06/21 12:19:25 [notice] 1#1: signal 29 (SIGIO) received
2024/06/21 12:19:25 [notice] 1#1: signal 17 (SIGCHLD) received from 21
2024/06/21 12:19:25 [notice] 1#1: worker process 21 exited with code 0
2024/06/21 12:19:25 [notice] 1#1: worker process 22 exited with code 0
2024/06/21 12:19:25 [notice] 1#1: worker process 23 exited with code 0
2024/06/21 12:19:25 [notice] 1#1: exit
2024/06/24 07:47:17 [notice] 1#1: using the "epoll" event method
2024/06/24 07:47:17 [notice] 1#1: nginx/1.27.0
2024/06/24 07:47:17 [notice] 1#1: built by gcc 12.2.0 (Debian 12.2.0-14) 
2024/06/24 07:47:17 [notice] 1#1: OS: Linux 5.15.153.1-microsoft-standard-WSL2
2024/06/24 07:47:17 [notice] 1#1: getrlimit(RLIMIT_NOFILE): 1048576:1048576
2024/06/24 07:47:17 [notice] 1#1: start worker processes
2024/06/24 07:47:17 [notice] 1#1: start worker process 20
2024/06/24 07:47:17 [notice] 1#1: start worker process 21
2024/06/24 07:47:17 [notice] 1#1: start worker process 22
2024/06/24 07:47:17 [notice] 1#1: start worker process 23
2024/06/24 07:47:50 [error] 20#20: *1 open() "/var/www/analityc.dev/favicon.ico" failed (2: No such file or directory), client: 172.18.0.1, server: analityc.dev, request: "GET /favicon.ico HTTP/1.1", host: "localhost", referrer: "http://localhost/view.php"
2024/06/24 09:57:36 [error] 22#22: *68 upstream timed out (110: Connection timed out) while reading upstream, client: 172.18.0.1, server: analityc.dev, request: "GET / HTTP/1.1", upstream: "fastcgi://172.18.0.4:9000", host: "localhost"
2024/06/24 11:11:10 [error] 22#22: *109 upstream timed out (110: Connection timed out) while reading response header from upstream, client: 172.18.0.1, server: analityc.dev, request: "GET /view.php HTTP/1.1", upstream: "fastcgi://172.18.0.4:9000", host: "localhost"
